#
# There is insufficient memory for the Java Runtime Environment to continue.
# Native memory allocation (mmap) failed to map 65536 bytes. Error detail: Failed to commit metaspace.
# Possible reasons:
#   The system is out of physical RAM or swap space
#   This process is running with CompressedOops enabled, and the Java Heap may be blocking the growth of the native heap
# Possible solutions:
#   Reduce memory load on the system
#   Increase physical memory or swap space
#   Check if swap backing store is full
#   Decrease Java heap size (-Xmx/-Xms)
#   Decrease number of Java threads
#   Decrease Java thread stack sizes (-Xss)
#   Set larger code cache with -XX:ReservedCodeCacheSize=
#   JVM is running with Zero Based Compressed Oops mode in which the Java heap is
#     placed in the first 32GB address space. The Java Heap base address is the
#     maximum limit for the native heap growth. Please use -XX:HeapBaseMinAddress
#     to set the Java Heap base and to place the Java Heap above 32GB virtual address.
# This output file may be truncated or incomplete.
#
#  Out of Memory Error (virtualSpaceNode.cpp:110), pid=17764, tid=11444
#
# JRE version: OpenJDK Runtime Environment Temurin-17.0.16+8 (17.0.16+8) (build 17.0.16+8)
# Java VM: OpenJDK 64-Bit Server VM Temurin-17.0.16+8 (17.0.16+8, mixed mode, emulated-client, sharing, tiered, compressed oops, compressed class ptrs, g1 gc, windows-amd64)
# No core dump will be written. Minidumps are not enabled by default on client versions of Windows
#

---------------  S U M M A R Y ------------

Command Line: -XX:TieredStopAtLevel=1 -Dspring.output.ansi.enabled=always -Dcom.sun.management.jmxremote -Dspring.jmx.enabled=true -Dspring.liveBeansView.mbeanDomain -Dspring.application.admin.enabled=true -Dmanagement.endpoints.jmx.exposure.include=* -javaagent:C:\Program Files\JetBrains\IntelliJ IDEA 2024.1.2\lib\idea_rt.jar=44488:C:\Program Files\JetBrains\IntelliJ IDEA 2024.1.2\bin -Dfile.encoding=UTF-8 com.backend_tingeso.demo.DemoApplication

Host: Intel(R) Core(TM) i7-4700MQ CPU @ 2.40GHz, 8 cores, 15G,  Windows 10 , 64 bit Build 19041 (10.0.19041.3636)
Time: Tue Aug 26 21:38:57 2025 Pacific SA Standard Time elapsed time: 0.543579 seconds (0d 0h 0m 0s)

---------------  T H R E A D  ---------------

Current thread (0x000001dcbfc013f0):  JavaThread "main" [_thread_in_vm, id=11444, stack(0x000000bd96400000,0x000000bd96500000)]

Stack: [0x000000bd96400000,0x000000bd96500000]
Native frames: (J=compiled Java code, j=interpreted, Vv=VM code, C=native code)
V  [jvm.dll+0x683169]
V  [jvm.dll+0x839ac8]
V  [jvm.dll+0x83b573]
V  [jvm.dll+0x83bbe3]
V  [jvm.dll+0x2473ff]
V  [jvm.dll+0x83589d]
V  [jvm.dll+0x627dae]
V  [jvm.dll+0x627e1a]
V  [jvm.dll+0x62a643]
V  [jvm.dll+0x628776]
V  [jvm.dll+0x36dc02]
V  [jvm.dll+0x1e0c6b]
V  [jvm.dll+0x5468c4]
V  [jvm.dll+0x1f001a]
V  [jvm.dll+0x7b2bfb]
V  [jvm.dll+0x7b4019]
V  [jvm.dll+0x7b4378]
V  [jvm.dll+0x23eeeb]
V  [jvm.dll+0x38196e]
C  0x000001dcc776998e

The last pc belongs to new (printed below).
Java frames: (J=compiled Java code, j=interpreted, Vv=VM code)
j  java.time.zone.ZoneRules.<init>([J[Ljava/time/ZoneOffset;[J[Ljava/time/ZoneOffset;[Ljava/time/zone/ZoneOffsetTransitionRule;)V+92 java.base@17.0.16
j  java.time.zone.ZoneRules.readExternal(Ljava/io/DataInput;)Ljava/time/zone/ZoneRules;+272 java.base@17.0.16
j  java.time.zone.Ser.readInternal(BLjava/io/DataInput;)Ljava/io/Serializable;+29 java.base@17.0.16
j  java.time.zone.Ser.read(Ljava/io/DataInput;)Ljava/io/Serializable;+9 java.base@17.0.16
j  java.time.zone.TzdbZoneRulesProvider.provideRules(Ljava/lang/String;Z)Ljava/time/zone/ZoneRules;+75 java.base@17.0.16
j  java.time.zone.ZoneRulesProvider.getRules(Ljava/lang/String;Z)Ljava/time/zone/ZoneRules;+13 java.base@17.0.16
j  java.time.ZoneRegion.ofId(Ljava/lang/String;Z)Ljava/time/ZoneRegion;+15 java.base@17.0.16
j  java.time.ZoneId.of(Ljava/lang/String;Z)Ljava/time/ZoneId;+81 java.base@17.0.16
j  java.time.ZoneId.of(Ljava/lang/String;)Ljava/time/ZoneId;+2 java.base@17.0.16
j  java.time.ZoneId.of(Ljava/lang/String;Ljava/util/Map;)Ljava/time/ZoneId;+33 java.base@17.0.16
j  java.util.TimeZone.toZoneId0()Ljava/time/ZoneId;+97 java.base@17.0.16
j  java.util.TimeZone.toZoneId()Ljava/time/ZoneId;+11 java.base@17.0.16
j  java.util.TimeZone.toZoneId0()Ljava/time/ZoneId;+30 java.base@17.0.16
j  java.util.TimeZone.toZoneId()Ljava/time/ZoneId;+11 java.base@17.0.16
j  java.time.ZoneId.systemDefault()Ljava/time/ZoneId;+3 java.base@17.0.16
j  ch.qos.logback.core.util.CachingDateFormatter.<init>(Ljava/lang/String;Ljava/time/ZoneId;Ljava/util/Locale;)V+9
j  ch.qos.logback.core.util.CachingDateFormatter.<init>(Ljava/lang/String;Ljava/time/ZoneId;)V+4
j  ch.qos.logback.core.util.CachingDateFormatter.<init>(Ljava/lang/String;)V+3
j  ch.qos.logback.classic.layout.TTLLLayout.<init>()V+11
j  ch.qos.logback.classic.BasicConfigurator.configure(Lch/qos/logback/classic/LoggerContext;)Lch/qos/logback/classic/spi/Configurator$ExecutionStatus;+48
j  ch.qos.logback.classic.util.ContextInitializer.invokeConfigure(Lch/qos/logback/classic/spi/Configurator;)Lch/qos/logback/classic/spi/Configurator$ExecutionStatus;+42
j  ch.qos.logback.classic.util.ContextInitializer.autoConfig(Ljava/lang/ClassLoader;)V+165
j  ch.qos.logback.classic.util.ContextInitializer.autoConfig()V+6
j  ch.qos.logback.classic.spi.LogbackServiceProvider.initializeLoggerContext()V+11
j  ch.qos.logback.classic.spi.LogbackServiceProvider.initialize()V+21
j  org.slf4j.LoggerFactory.bind()V+40
j  org.slf4j.LoggerFactory.performInitialization()V+0
j  org.slf4j.LoggerFactory.getProvider()Lorg/slf4j/spi/SLF4JServiceProvider;+21
j  org.slf4j.LoggerFactory.getILoggerFactory()Lorg/slf4j/ILoggerFactory;+0
j  org.slf4j.LoggerFactory.getLogger(Ljava/lang/String;)Lorg/slf4j/Logger;+0
j  org.apache.commons.logging.LogAdapter$Slf4jAdapter.createLocationAwareLog(Ljava/lang/String;)Lorg/apache/commons/logging/Log;+1
j  org.apache.commons.logging.LogAdapter$$Lambda$95+0x000001dcd80c7c40.apply(Ljava/lang/Object;)Ljava/lang/Object;+4
j  org.apache.commons.logging.LogAdapter.createLog(Ljava/lang/String;)Lorg/apache/commons/logging/Log;+4
j  org.apache.commons.logging.LogFactory.getLog(Ljava/lang/String;)Lorg/apache/commons/logging/Log;+1
j  org.apache.commons.logging.LogFactory.getLog(Ljava/lang/Class;)Lorg/apache/commons/logging/Log;+4
j  org.springframework.boot.SpringApplication.<clinit>()V+2
v  ~StubRoutines::call_stub
j  com.backend_tingeso.demo.DemoApplication.main([Ljava/lang/String;)V+3
v  ~StubRoutines::call_stub
new  187 new  [0x000001dcc7769800, 0x000001dcc7769a20]  544 bytes
[MachCode]
  0x000001dcc7769800: 4883 ec08 | c5fa 1104 | 24eb 1f48 | 83ec 10c5 | fb11 0424 | eb14 4883 | ec10 4889 | 0424 48c7 
  0x000001dcc7769820: 4424 0800 | 0000 00eb | 0150 410f | b755 010f | cac1 ea10 | 488b 4de8 | 488b 4908 | 488b 4908 
  0x000001dcc7769840: 488b 4108 | 807c 1004 | 070f 85df | 0000 0066 | 8b54 d148 | 488b 4928 | 488b 4cd1 | 0851 80b9 
  0x000001dcc7769860: 3301 0000 | 040f 85c2 | 0000 008b | 5108 f7c2 | 0100 0000 | 0f85 b300 | 0000 498b | 8708 0100 
  0x000001dcc7769880: 0048 8d1c | 1049 3b9f | 1801 0000 | 0f87 9b00 | 0000 4989 | 9f08 0100 | 00e9 0000 | 0000 4883 
  0x000001dcc77698a0: ea10 0f84 | 0f00 0000 | 33c9 c1ea | 0348 894c | d008 48ff | ca75 f648 | c700 0100 | 0000 5933 
  0x000001dcc77698c0: f689 700c | 49ba 0000 | 00d7 dc01 | 0000 492b | ca89 4808 | 49ba c3c6 | a2d6 fc7f | 0000 4180 
  0x000001dcc77698e0: 3a00 0f84 | 4000 0000 | 5048 8bc8 | 4883 ec20 | f7c4 0f00 | 0000 0f84 | 1a00 0000 | 4883 ec08 
  0x000001dcc7769900: 49ba 708d | 58d6 fc7f | 0000 41ff | d248 83c4 | 08e9 0d00 | 0000 49ba | 708d 58d6 | fc7f 0000 
  0x000001dcc7769920: 41ff d248 | 83c4 2058 | e9cd 0000 | 0059 488b | 55e8 488b | 5208 488b | 5208 450f | b745 0141 
  0x000001dcc7769940: 0fc8 41c1 | e810 e805 | 0000 00e9 | aa00 0000 | 488d 4424 | 084c 896d | c049 8bcf | c5f8 7749 
  0x000001dcc7769960: 89af a802 | 0000 4989 | 8798 0200 | 0048 83ec | 20f7 c40f | 0000 000f | 841a 0000 | 0048 83ec 
  0x000001dcc7769980: 0849 ba20 | 1922 d6fc | 7f00 0041 | ffd2 4883 | c408 e90d | 0000 0049 | ba20 1922 | d6fc 7f00 
  0x000001dcc77699a0: 0041 ffd2 | 4883 c420 | 49c7 8798 | 0200 0000 | 0000 0049 | c787 a802 | 0000 0000 | 0000 49c7 
  0x000001dcc77699c0: 87a0 0200 | 0000 0000 | 00c5 f877 | 4981 7f08 | 0000 0000 | 0f84 0500 | 0000 e921 | 75fe ff49 
  0x000001dcc77699e0: 8b87 f002 | 0000 49c7 | 87f0 0200 | 0000 0000 | 004c 8b6d | c04c 8b75 | c8c3 410f | b65d 0349 
  0x000001dcc7769a00: 83c5 0349 | ba10 37a5 | d6fc 7f00 | 0041 ff24 | da0f 1f80 | 0000 0000 | 0000 0000 | 0000 0000 
[/MachCode]

---------------  P R O C E S S  ---------------

Threads class SMR info:
_java_thread_list=0x000001dd1c162350, length=16, elements={
0x000001dcbfc013f0, 0x000001dcd6ae0f20, 0x000001dcd6ae1cb0, 0x000001dcd6bf5980,
0x000001dcd6bf6710, 0x000001dcd6bfa100, 0x000001dcd6bfb9e0, 0x000001dcd6c0c200,
0x000001dcd6c084f0, 0x000001dcd6c075c0, 0x000001dcd6acc3a0, 0x000001dcd6cef920,
0x000001dcd6cefef0, 0x000001dcd6c05c70, 0x000001dcd6c06180, 0x000001dcd6c07ad0
}

Java Threads: ( => current thread )
=>0x000001dcbfc013f0 JavaThread "main" [_thread_in_vm, id=11444, stack(0x000000bd96400000,0x000000bd96500000)]
  0x000001dcd6ae0f20 JavaThread "Reference Handler" daemon [_thread_blocked, id=12528, stack(0x000000bd96b00000,0x000000bd96c00000)]
  0x000001dcd6ae1cb0 JavaThread "Finalizer" daemon [_thread_blocked, id=15648, stack(0x000000bd96c00000,0x000000bd96d00000)]
  0x000001dcd6bf5980 JavaThread "Signal Dispatcher" daemon [_thread_blocked, id=9644, stack(0x000000bd96d00000,0x000000bd96e00000)]
  0x000001dcd6bf6710 JavaThread "Attach Listener" daemon [_thread_blocked, id=18376, stack(0x000000bd96e00000,0x000000bd96f00000)]
  0x000001dcd6bfa100 JavaThread "Service Thread" daemon [_thread_blocked, id=12572, stack(0x000000bd96f00000,0x000000bd97000000)]
  0x000001dcd6bfb9e0 JavaThread "Monitor Deflation Thread" daemon [_thread_blocked, id=7000, stack(0x000000bd97000000,0x000000bd97100000)]
  0x000001dcd6c0c200 JavaThread "C1 CompilerThread0" daemon [_thread_blocked, id=15864, stack(0x000000bd97100000,0x000000bd97200000)]
  0x000001dcd6c084f0 JavaThread "Sweeper thread" daemon [_thread_blocked, id=7764, stack(0x000000bd97200000,0x000000bd97300000)]
  0x000001dcd6c075c0 JavaThread "Common-Cleaner" daemon [_thread_blocked, id=12780, stack(0x000000bd97300000,0x000000bd97400000)]
  0x000001dcd6acc3a0 JavaThread "C1 CompilerThread1" daemon [_thread_blocked, id=10032, stack(0x000000bd97400000,0x000000bd97500000)]
  0x000001dcd6cef920 JavaThread "C1 CompilerThread2" daemon [_thread_blocked, id=15040, stack(0x000000bd97500000,0x000000bd97600000)]
  0x000001dcd6cefef0 JavaThread "C1 CompilerThread3" daemon [_thread_blocked, id=9984, stack(0x000000bd97600000,0x000000bd97700000)]
  0x000001dcd6c05c70 JavaThread "Monitor Ctrl-Break" daemon [_thread_in_native, id=16420, stack(0x000000bd97700000,0x000000bd97800000)]
  0x000001dcd6c06180 JavaThread "Notification Thread" daemon [_thread_blocked, id=12208, stack(0x000000bd97800000,0x000000bd97900000)]
  0x000001dcd6c07ad0 JavaThread "RMI TCP Accept-0" daemon [_thread_in_native, id=11192, stack(0x000000bd97900000,0x000000bd97a00000)]

Other Threads:
  0x000001dcd6ad91c0 VMThread "VM Thread" [stack: 0x000000bd96a00000,0x000000bd96b00000] [id=14468]
  0x000001dcbfc022c0 WatcherThread [stack: 0x000000bd97a00000,0x000000bd97b00000] [id=14276]
  0x000001dcbfc6be40 GCTaskThread "GC Thread#0" [stack: 0x000000bd96500000,0x000000bd96600000] [id=14280]
  0x000001dcbfc7cb70 ConcurrentGCThread "G1 Main Marker" [stack: 0x000000bd96600000,0x000000bd96700000] [id=3380]
  0x000001dcbfc7dc40 ConcurrentGCThread "G1 Conc#0" [stack: 0x000000bd96700000,0x000000bd96800000] [id=9068]
  0x000001dcbfcae8e0 ConcurrentGCThread "G1 Refine#0" [stack: 0x000000bd96800000,0x000000bd96900000] [id=15744]
  0x000001dcd6995400 ConcurrentGCThread "G1 Service" [stack: 0x000000bd96900000,0x000000bd96a00000] [id=17028]

Threads with active compile tasks:

VM state: not at safepoint (normal execution)

VM Mutex/Monitor currently owned by a thread:  ([mutex/lock_event])
[0x000001dcbfbfb6a0] Metaspace_lock - owner thread: 0x000001dcbfc013f0

Heap address: 0x0000000701200000, size: 4078 MB, Compressed Oops mode: Zero based, Oop shift amount: 3

CDS archive(s) mapped at: [0x000001dcd7000000-0x000001dcd7bb0000-0x000001dcd7bb0000), size 12255232, SharedBaseAddress: 0x000001dcd7000000, ArchiveRelocationMode: 1.
Compressed class space mapped at: 0x000001dcd8000000-0x000001dd18000000, reserved size: 1073741824
Narrow klass base: 0x000001dcd7000000, Narrow klass shift: 0, Narrow klass range: 0x100000000

GC Precious Log:
 CPUs: 8 total, 8 available
 Memory: 16307M
 Large Page Support: Disabled
 NUMA Support: Disabled
 Compressed Oops: Enabled (Zero based)
 Heap Region Size: 2M
 Heap Min Capacity: 8M
 Heap Initial Capacity: 256M
 Heap Max Capacity: 4078M
 Pre-touch: Disabled
 Parallel Workers: 8
 Concurrent Workers: 2
 Concurrent Refinement Workers: 8
 Periodic GC: Disabled

Heap:
 garbage-first heap   total 262144K, used 14336K [0x0000000701200000, 0x0000000800000000)
  region size 2048K, 9 young (18432K), 0 survivors (0K)
 Metaspace       used 5296K, committed 5440K, reserved 1114112K
  class space    used 648K, committed 704K, reserved 1048576K

Heap Regions: E=young(eden), S=young(survivor), O=old, HS=humongous(starts), HC=humongous(continues), CS=collection set, F=free, OA=open archive, CA=closed archive, TAMS=top-at-mark-start (previous, next)
|   0|0x0000000701200000, 0x0000000701200000, 0x0000000701400000|  0%| F|  |TAMS 0x0000000701200000, 0x0000000701200000| Untracked 
|   1|0x0000000701400000, 0x0000000701400000, 0x0000000701600000|  0%| F|  |TAMS 0x0000000701400000, 0x0000000701400000| Untracked 
|   2|0x0000000701600000, 0x0000000701600000, 0x0000000701800000|  0%| F|  |TAMS 0x0000000701600000, 0x0000000701600000| Untracked 
|   3|0x0000000701800000, 0x0000000701800000, 0x0000000701a00000|  0%| F|  |TAMS 0x0000000701800000, 0x0000000701800000| Untracked 
|   4|0x0000000701a00000, 0x0000000701a00000, 0x0000000701c00000|  0%| F|  |TAMS 0x0000000701a00000, 0x0000000701a00000| Untracked 
|   5|0x0000000701c00000, 0x0000000701c00000, 0x0000000701e00000|  0%| F|  |TAMS 0x0000000701c00000, 0x0000000701c00000| Untracked 
|   6|0x0000000701e00000, 0x0000000701e00000, 0x0000000702000000|  0%| F|  |TAMS 0x0000000701e00000, 0x0000000701e00000| Untracked 
|   7|0x0000000702000000, 0x0000000702000000, 0x0000000702200000|  0%| F|  |TAMS 0x0000000702000000, 0x0000000702000000| Untracked 
|   8|0x0000000702200000, 0x0000000702200000, 0x0000000702400000|  0%| F|  |TAMS 0x0000000702200000, 0x0000000702200000| Untracked 
|   9|0x0000000702400000, 0x0000000702400000, 0x0000000702600000|  0%| F|  |TAMS 0x0000000702400000, 0x0000000702400000| Untracked 
|  10|0x0000000702600000, 0x0000000702600000, 0x0000000702800000|  0%| F|  |TAMS 0x0000000702600000, 0x0000000702600000| Untracked 
|  11|0x0000000702800000, 0x0000000702800000, 0x0000000702a00000|  0%| F|  |TAMS 0x0000000702800000, 0x0000000702800000| Untracked 
|  12|0x0000000702a00000, 0x0000000702a00000, 0x0000000702c00000|  0%| F|  |TAMS 0x0000000702a00000, 0x0000000702a00000| Untracked 
|  13|0x0000000702c00000, 0x0000000702c00000, 0x0000000702e00000|  0%| F|  |TAMS 0x0000000702c00000, 0x0000000702c00000| Untracked 
|  14|0x0000000702e00000, 0x0000000702e00000, 0x0000000703000000|  0%| F|  |TAMS 0x0000000702e00000, 0x0000000702e00000| Untracked 
|  15|0x0000000703000000, 0x0000000703000000, 0x0000000703200000|  0%| F|  |TAMS 0x0000000703000000, 0x0000000703000000| Untracked 
|  16|0x0000000703200000, 0x0000000703200000, 0x0000000703400000|  0%| F|  |TAMS 0x0000000703200000, 0x0000000703200000| Untracked 
|  17|0x0000000703400000, 0x0000000703400000, 0x0000000703600000|  0%| F|  |TAMS 0x0000000703400000, 0x0000000703400000| Untracked 
|  18|0x0000000703600000, 0x0000000703600000, 0x0000000703800000|  0%| F|  |TAMS 0x0000000703600000, 0x0000000703600000| Untracked 
|  19|0x0000000703800000, 0x0000000703800000, 0x0000000703a00000|  0%| F|  |TAMS 0x0000000703800000, 0x0000000703800000| Untracked 
|  20|0x0000000703a00000, 0x0000000703a00000, 0x0000000703c00000|  0%| F|  |TAMS 0x0000000703a00000, 0x0000000703a00000| Untracked 
|  21|0x0000000703c00000, 0x0000000703c00000, 0x0000000703e00000|  0%| F|  |TAMS 0x0000000703c00000, 0x0000000703c00000| Untracked 
|  22|0x0000000703e00000, 0x0000000703e00000, 0x0000000704000000|  0%| F|  |TAMS 0x0000000703e00000, 0x0000000703e00000| Untracked 
|  23|0x0000000704000000, 0x0000000704000000, 0x0000000704200000|  0%| F|  |TAMS 0x0000000704000000, 0x0000000704000000| Untracked 
|  24|0x0000000704200000, 0x0000000704200000, 0x0000000704400000|  0%| F|  |TAMS 0x0000000704200000, 0x0000000704200000| Untracked 
|  25|0x0000000704400000, 0x0000000704400000, 0x0000000704600000|  0%| F|  |TAMS 0x0000000704400000, 0x0000000704400000| Untracked 
|  26|0x0000000704600000, 0x0000000704600000, 0x0000000704800000|  0%| F|  |TAMS 0x0000000704600000, 0x0000000704600000| Untracked 
|  27|0x0000000704800000, 0x0000000704800000, 0x0000000704a00000|  0%| F|  |TAMS 0x0000000704800000, 0x0000000704800000| Untracked 
|  28|0x0000000704a00000, 0x0000000704a00000, 0x0000000704c00000|  0%| F|  |TAMS 0x0000000704a00000, 0x0000000704a00000| Untracked 
|  29|0x0000000704c00000, 0x0000000704c00000, 0x0000000704e00000|  0%| F|  |TAMS 0x0000000704c00000, 0x0000000704c00000| Untracked 
|  30|0x0000000704e00000, 0x0000000704e00000, 0x0000000705000000|  0%| F|  |TAMS 0x0000000704e00000, 0x0000000704e00000| Untracked 
|  31|0x0000000705000000, 0x0000000705000000, 0x0000000705200000|  0%| F|  |TAMS 0x0000000705000000, 0x0000000705000000| Untracked 
|  32|0x0000000705200000, 0x0000000705200000, 0x0000000705400000|  0%| F|  |TAMS 0x0000000705200000, 0x0000000705200000| Untracked 
|  33|0x0000000705400000, 0x0000000705400000, 0x0000000705600000|  0%| F|  |TAMS 0x0000000705400000, 0x0000000705400000| Untracked 
|  34|0x0000000705600000, 0x0000000705600000, 0x0000000705800000|  0%| F|  |TAMS 0x0000000705600000, 0x0000000705600000| Untracked 
|  35|0x0000000705800000, 0x0000000705800000, 0x0000000705a00000|  0%| F|  |TAMS 0x0000000705800000, 0x0000000705800000| Untracked 
|  36|0x0000000705a00000, 0x0000000705a00000, 0x0000000705c00000|  0%| F|  |TAMS 0x0000000705a00000, 0x0000000705a00000| Untracked 
|  37|0x0000000705c00000, 0x0000000705c00000, 0x0000000705e00000|  0%| F|  |TAMS 0x0000000705c00000, 0x0000000705c00000| Untracked 
|  38|0x0000000705e00000, 0x0000000705e00000, 0x0000000706000000|  0%| F|  |TAMS 0x0000000705e00000, 0x0000000705e00000| Untracked 
|  39|0x0000000706000000, 0x0000000706000000, 0x0000000706200000|  0%| F|  |TAMS 0x0000000706000000, 0x0000000706000000| Untracked 
|  40|0x0000000706200000, 0x0000000706200000, 0x0000000706400000|  0%| F|  |TAMS 0x0000000706200000, 0x0000000706200000| Untracked 
|  41|0x0000000706400000, 0x0000000706400000, 0x0000000706600000|  0%| F|  |TAMS 0x0000000706400000, 0x0000000706400000| Untracked 
|  42|0x0000000706600000, 0x0000000706600000, 0x0000000706800000|  0%| F|  |TAMS 0x0000000706600000, 0x0000000706600000| Untracked 
|  43|0x0000000706800000, 0x0000000706800000, 0x0000000706a00000|  0%| F|  |TAMS 0x0000000706800000, 0x0000000706800000| Untracked 
|  44|0x0000000706a00000, 0x0000000706a00000, 0x0000000706c00000|  0%| F|  |TAMS 0x0000000706a00000, 0x0000000706a00000| Untracked 
|  45|0x0000000706c00000, 0x0000000706c00000, 0x0000000706e00000|  0%| F|  |TAMS 0x0000000706c00000, 0x0000000706c00000| Untracked 
|  46|0x0000000706e00000, 0x0000000706e00000, 0x0000000707000000|  0%| F|  |TAMS 0x0000000706e00000, 0x0000000706e00000| Untracked 
|  47|0x0000000707000000, 0x0000000707000000, 0x0000000707200000|  0%| F|  |TAMS 0x0000000707000000, 0x0000000707000000| Untracked 
|  48|0x0000000707200000, 0x0000000707200000, 0x0000000707400000|  0%| F|  |TAMS 0x0000000707200000, 0x0000000707200000| Untracked 
|  49|0x0000000707400000, 0x0000000707400000, 0x0000000707600000|  0%| F|  |TAMS 0x0000000707400000, 0x0000000707400000| Untracked 
|  50|0x0000000707600000, 0x0000000707600000, 0x0000000707800000|  0%| F|  |TAMS 0x0000000707600000, 0x0000000707600000| Untracked 
|  51|0x0000000707800000, 0x0000000707800000, 0x0000000707a00000|  0%| F|  |TAMS 0x0000000707800000, 0x0000000707800000| Untracked 
|  52|0x0000000707a00000, 0x0000000707a00000, 0x0000000707c00000|  0%| F|  |TAMS 0x0000000707a00000, 0x0000000707a00000| Untracked 
|  53|0x0000000707c00000, 0x0000000707c00000, 0x0000000707e00000|  0%| F|  |TAMS 0x0000000707c00000, 0x0000000707c00000| Untracked 
|  54|0x0000000707e00000, 0x0000000707e00000, 0x0000000708000000|  0%| F|  |TAMS 0x0000000707e00000, 0x0000000707e00000| Untracked 
|  55|0x0000000708000000, 0x0000000708000000, 0x0000000708200000|  0%| F|  |TAMS 0x0000000708000000, 0x0000000708000000| Untracked 
|  56|0x0000000708200000, 0x0000000708200000, 0x0000000708400000|  0%| F|  |TAMS 0x0000000708200000, 0x0000000708200000| Untracked 
|  57|0x0000000708400000, 0x0000000708400000, 0x0000000708600000|  0%| F|  |TAMS 0x0000000708400000, 0x0000000708400000| Untracked 
|  58|0x0000000708600000, 0x0000000708600000, 0x0000000708800000|  0%| F|  |TAMS 0x0000000708600000, 0x0000000708600000| Untracked 
|  59|0x0000000708800000, 0x0000000708800000, 0x0000000708a00000|  0%| F|  |TAMS 0x0000000708800000, 0x0000000708800000| Untracked 
|  60|0x0000000708a00000, 0x0000000708a00000, 0x0000000708c00000|  0%| F|  |TAMS 0x0000000708a00000, 0x0000000708a00000| Untracked 
|  61|0x0000000708c00000, 0x0000000708c00000, 0x0000000708e00000|  0%| F|  |TAMS 0x0000000708c00000, 0x0000000708c00000| Untracked 
|  62|0x0000000708e00000, 0x0000000708e00000, 0x0000000709000000|  0%| F|  |TAMS 0x0000000708e00000, 0x0000000708e00000| Untracked 
|  63|0x0000000709000000, 0x0000000709000000, 0x0000000709200000|  0%| F|  |TAMS 0x0000000709000000, 0x0000000709000000| Untracked 
|  64|0x0000000709200000, 0x0000000709200000, 0x0000000709400000|  0%| F|  |TAMS 0x0000000709200000, 0x0000000709200000| Untracked 
|  65|0x0000000709400000, 0x0000000709400000, 0x0000000709600000|  0%| F|  |TAMS 0x0000000709400000, 0x0000000709400000| Untracked 
|  66|0x0000000709600000, 0x0000000709600000, 0x0000000709800000|  0%| F|  |TAMS 0x0000000709600000, 0x0000000709600000| Untracked 
|  67|0x0000000709800000, 0x0000000709800000, 0x0000000709a00000|  0%| F|  |TAMS 0x0000000709800000, 0x0000000709800000| Untracked 
|  68|0x0000000709a00000, 0x0000000709a00000, 0x0000000709c00000|  0%| F|  |TAMS 0x0000000709a00000, 0x0000000709a00000| Untracked 
|  69|0x0000000709c00000, 0x0000000709c00000, 0x0000000709e00000|  0%| F|  |TAMS 0x0000000709c00000, 0x0000000709c00000| Untracked 
|  70|0x0000000709e00000, 0x0000000709e00000, 0x000000070a000000|  0%| F|  |TAMS 0x0000000709e00000, 0x0000000709e00000| Untracked 
|  71|0x000000070a000000, 0x000000070a000000, 0x000000070a200000|  0%| F|  |TAMS 0x000000070a000000, 0x000000070a000000| Untracked 
|  72|0x000000070a200000, 0x000000070a200000, 0x000000070a400000|  0%| F|  |TAMS 0x000000070a200000, 0x000000070a200000| Untracked 
|  73|0x000000070a400000, 0x000000070a400000, 0x000000070a600000|  0%| F|  |TAMS 0x000000070a400000, 0x000000070a400000| Untracked 
|  74|0x000000070a600000, 0x000000070a600000, 0x000000070a800000|  0%| F|  |TAMS 0x000000070a600000, 0x000000070a600000| Untracked 
|  75|0x000000070a800000, 0x000000070a800000, 0x000000070aa00000|  0%| F|  |TAMS 0x000000070a800000, 0x000000070a800000| Untracked 
|  76|0x000000070aa00000, 0x000000070aa00000, 0x000000070ac00000|  0%| F|  |TAMS 0x000000070aa00000, 0x000000070aa00000| Untracked 
|  77|0x000000070ac00000, 0x000000070ac00000, 0x000000070ae00000|  0%| F|  |TAMS 0x000000070ac00000, 0x000000070ac00000| Untracked 
|  78|0x000000070ae00000, 0x000000070ae00000, 0x000000070b000000|  0%| F|  |TAMS 0x000000070ae00000, 0x000000070ae00000| Untracked 
|  79|0x000000070b000000, 0x000000070b000000, 0x000000070b200000|  0%| F|  |TAMS 0x000000070b000000, 0x000000070b000000| Untracked 
|  80|0x000000070b200000, 0x000000070b200000, 0x000000070b400000|  0%| F|  |TAMS 0x000000070b200000, 0x000000070b200000| Untracked 
|  81|0x000000070b400000, 0x000000070b400000, 0x000000070b600000|  0%| F|  |TAMS 0x000000070b400000, 0x000000070b400000| Untracked 
|  82|0x000000070b600000, 0x000000070b600000, 0x000000070b800000|  0%| F|  |TAMS 0x000000070b600000, 0x000000070b600000| Untracked 
|  83|0x000000070b800000, 0x000000070b800000, 0x000000070ba00000|  0%| F|  |TAMS 0x000000070b800000, 0x000000070b800000| Untracked 
|  84|0x000000070ba00000, 0x000000070ba00000, 0x000000070bc00000|  0%| F|  |TAMS 0x000000070ba00000, 0x000000070ba00000| Untracked 
|  85|0x000000070bc00000, 0x000000070bc00000, 0x000000070be00000|  0%| F|  |TAMS 0x000000070bc00000, 0x000000070bc00000| Untracked 
|  86|0x000000070be00000, 0x000000070be00000, 0x000000070c000000|  0%| F|  |TAMS 0x000000070be00000, 0x000000070be00000| Untracked 
|  87|0x000000070c000000, 0x000000070c000000, 0x000000070c200000|  0%| F|  |TAMS 0x000000070c000000, 0x000000070c000000| Untracked 
|  88|0x000000070c200000, 0x000000070c200000, 0x000000070c400000|  0%| F|  |TAMS 0x000000070c200000, 0x000000070c200000| Untracked 
|  89|0x000000070c400000, 0x000000070c400000, 0x000000070c600000|  0%| F|  |TAMS 0x000000070c400000, 0x000000070c400000| Untracked 
|  90|0x000000070c600000, 0x000000070c600000, 0x000000070c800000|  0%| F|  |TAMS 0x000000070c600000, 0x000000070c600000| Untracked 
|  91|0x000000070c800000, 0x000000070c800000, 0x000000070ca00000|  0%| F|  |TAMS 0x000000070c800000, 0x000000070c800000| Untracked 
|  92|0x000000070ca00000, 0x000000070ca00000, 0x000000070cc00000|  0%| F|  |TAMS 0x000000070ca00000, 0x000000070ca00000| Untracked 
|  93|0x000000070cc00000, 0x000000070cc00000, 0x000000070ce00000|  0%| F|  |TAMS 0x000000070cc00000, 0x000000070cc00000| Untracked 
|  94|0x000000070ce00000, 0x000000070ce00000, 0x000000070d000000|  0%| F|  |TAMS 0x000000070ce00000, 0x000000070ce00000| Untracked 
|  95|0x000000070d000000, 0x000000070d000000, 0x000000070d200000|  0%| F|  |TAMS 0x000000070d000000, 0x000000070d000000| Untracked 
|  96|0x000000070d200000, 0x000000070d200000, 0x000000070d400000|  0%| F|  |TAMS 0x000000070d200000, 0x000000070d200000| Untracked 
|  97|0x000000070d400000, 0x000000070d400000, 0x000000070d600000|  0%| F|  |TAMS 0x000000070d400000, 0x000000070d400000| Untracked 
|  98|0x000000070d600000, 0x000000070d600000, 0x000000070d800000|  0%| F|  |TAMS 0x000000070d600000, 0x000000070d600000| Untracked 
|  99|0x000000070d800000, 0x000000070d800000, 0x000000070da00000|  0%| F|  |TAMS 0x000000070d800000, 0x000000070d800000| Untracked 
| 100|0x000000070da00000, 0x000000070da00000, 0x000000070dc00000|  0%| F|  |TAMS 0x000000070da00000, 0x000000070da00000| Untracked 
| 101|0x000000070dc00000, 0x000000070dc00000, 0x000000070de00000|  0%| F|  |TAMS 0x000000070dc00000, 0x000000070dc00000| Untracked 
| 102|0x000000070de00000, 0x000000070de00000, 0x000000070e000000|  0%| F|  |TAMS 0x000000070de00000, 0x000000070de00000| Untracked 
| 103|0x000000070e000000, 0x000000070e000000, 0x000000070e200000|  0%| F|  |TAMS 0x000000070e000000, 0x000000070e000000| Untracked 
| 104|0x000000070e200000, 0x000000070e200000, 0x000000070e400000|  0%| F|  |TAMS 0x000000070e200000, 0x000000070e200000| Untracked 
| 105|0x000000070e400000, 0x000000070e400000, 0x000000070e600000|  0%| F|  |TAMS 0x000000070e400000, 0x000000070e400000| Untracked 
| 106|0x000000070e600000, 0x000000070e600000, 0x000000070e800000|  0%| F|  |TAMS 0x000000070e600000, 0x000000070e600000| Untracked 
| 107|0x000000070e800000, 0x000000070e800000, 0x000000070ea00000|  0%| F|  |TAMS 0x000000070e800000, 0x000000070e800000| Untracked 
| 108|0x000000070ea00000, 0x000000070ea00000, 0x000000070ec00000|  0%| F|  |TAMS 0x000000070ea00000, 0x000000070ea00000| Untracked 
| 109|0x000000070ec00000, 0x000000070ec00000, 0x000000070ee00000|  0%| F|  |TAMS 0x000000070ec00000, 0x000000070ec00000| Untracked 
| 110|0x000000070ee00000, 0x000000070ee00000, 0x000000070f000000|  0%| F|  |TAMS 0x000000070ee00000, 0x000000070ee00000| Untracked 
| 111|0x000000070f000000, 0x000000070f000000, 0x000000070f200000|  0%| F|  |TAMS 0x000000070f000000, 0x000000070f000000| Untracked 
| 112|0x000000070f200000, 0x000000070f200000, 0x000000070f400000|  0%| F|  |TAMS 0x000000070f200000, 0x000000070f200000| Untracked 
| 113|0x000000070f400000, 0x000000070f400000, 0x000000070f600000|  0%| F|  |TAMS 0x000000070f400000, 0x000000070f400000| Untracked 
| 114|0x000000070f600000, 0x000000070f600000, 0x000000070f800000|  0%| F|  |TAMS 0x000000070f600000, 0x000000070f600000| Untracked 
| 115|0x000000070f800000, 0x000000070f800000, 0x000000070fa00000|  0%| F|  |TAMS 0x000000070f800000, 0x000000070f800000| Untracked 
| 116|0x000000070fa00000, 0x000000070fa00000, 0x000000070fc00000|  0%| F|  |TAMS 0x000000070fa00000, 0x000000070fa00000| Untracked 
| 117|0x000000070fc00000, 0x000000070fc00000, 0x000000070fe00000|  0%| F|  |TAMS 0x000000070fc00000, 0x000000070fc00000| Untracked 
| 118|0x000000070fe00000, 0x000000070fe00000, 0x0000000710000000|  0%| F|  |TAMS 0x000000070fe00000, 0x000000070fe00000| Untracked 
| 119|0x0000000710000000, 0x00000007100e18c0, 0x0000000710200000| 44%| E|  |TAMS 0x0000000710000000, 0x0000000710000000| Complete 
| 120|0x0000000710200000, 0x0000000710400000, 0x0000000710400000|100%| E|CS|TAMS 0x0000000710200000, 0x0000000710200000| Complete 
| 121|0x0000000710400000, 0x0000000710600000, 0x0000000710600000|100%| E|CS|TAMS 0x0000000710400000, 0x0000000710400000| Complete 
| 122|0x0000000710600000, 0x0000000710800000, 0x0000000710800000|100%| E|CS|TAMS 0x0000000710600000, 0x0000000710600000| Complete 
| 123|0x0000000710800000, 0x0000000710a00000, 0x0000000710a00000|100%| E|CS|TAMS 0x0000000710800000, 0x0000000710800000| Complete 
| 124|0x0000000710a00000, 0x0000000710c00000, 0x0000000710c00000|100%| E|CS|TAMS 0x0000000710a00000, 0x0000000710a00000| Complete 
| 125|0x0000000710c00000, 0x0000000710e00000, 0x0000000710e00000|100%| E|  |TAMS 0x0000000710c00000, 0x0000000710c00000| Complete 
| 126|0x0000000710e00000, 0x0000000711000000, 0x0000000711000000|100%| E|CS|TAMS 0x0000000710e00000, 0x0000000710e00000| Complete 
| 127|0x0000000711000000, 0x0000000711200000, 0x0000000711200000|100%| E|CS|TAMS 0x0000000711000000, 0x0000000711000000| Complete 

Card table byte_map: [0x000001dccb060000,0x000001dccb860000] _byte_map_base: 0x000001dcc7857000

Marking Bits (Prev, Next): (CMBitMap*) 0x000001dcbfc6c370, (CMBitMap*) 0x000001dcbfc6c3b0
 Prev Bits: [0x000001dccc060000, 0x000001dcd0018000)
 Next Bits: [0x000001dcd0020000, 0x000001dcd3fd8000)

Polling page: 0x000001dcbda30000

Metaspace:

Usage:
  Non-class:      4.54 MB used.
      Class:    648.30 KB used.
       Both:      5.17 MB used.

Virtual space:
  Non-class space:       64.00 MB reserved,       4.62 MB (  7%) committed,  1 nodes.
      Class space:        1.00 GB reserved,     704.00 KB ( <1%) committed,  1 nodes.
             Both:        1.06 GB reserved,       5.31 MB ( <1%) committed. 

Chunk freelists:
   Non-Class:  11.25 MB
       Class:  15.14 MB
        Both:  26.39 MB

MaxMetaspaceSize: unlimited
CompressedClassSpaceSize: 1.00 GB
Initial GC threshold: 21.00 MB
Current GC threshold: 21.00 MB
CDS: on
MetaspaceReclaimPolicy: balanced
 - commit_granule_bytes: 65536.
 - commit_granule_words: 8192.
 - virtual_space_node_default_size: 8388608.
 - enlarge_chunks_in_place: 1.
 - new_chunks_are_fully_committed: 0.
 - uncommit_free_chunks: 1.
 - use_allocation_guard: 0.
 - handle_deallocations: 1.


Internal statistics:

num_allocs_failed_limit: 0.
num_arena_births: 104.
num_arena_deaths: 0.
num_vsnodes_births: 2.
num_vsnodes_deaths: 0.
num_space_committed: 85.
num_space_uncommitted: 0.
num_chunks_returned_to_freelist: 0.
num_chunks_taken_from_freelist: 155.
num_chunk_merges: 0.
num_chunk_splits: 104.
num_chunks_enlarged: 64.
num_inconsistent_stats: 0.

CodeCache: size=49152Kb used=4238Kb max_used=4238Kb free=44913Kb
 bounds [0x000001dcc7750000, 0x000001dcc7b80000, 0x000001dcca750000]
 total_blobs=1470 nmethods=1026 adapters=369
 compilation: enabled
              stopped_count=0, restarted_count=0
 full_count=0

Compilation events (20 events):
Event: 0.536 Thread 0x000001dcd6c0c200 1017       1       java.util.zip.Checksum::update (11 bytes)
Event: 0.536 Thread 0x000001dcd6cef920 1018       1       java.util.zip.CRC32::update (51 bytes)
Event: 0.536 Thread 0x000001dcd6acc3a0 1019       1       java.util.zip.CRC32::updateBytes (14 bytes)
Event: 0.536 Thread 0x000001dcd6cefef0 1020       1       java.util.zip.CRC32::updateBytesCheck (55 bytes)
Event: 0.536 Thread 0x000001dcd6c0c200 nmethod 1017 0x000001dcc7b6fb10 code [0x000001dcc7b6fcc0, 0x000001dcc7b6fde8]
Event: 0.536 Thread 0x000001dcd6c0c200 1021       1       sun.util.calendar.ZoneInfoFile$Checksum::update (39 bytes)
Event: 0.536 Thread 0x000001dcd6acc3a0 nmethod 1019 0x000001dcc7b6ff10 code [0x000001dcc7b700a0, 0x000001dcc7b70188]
Event: 0.536 Thread 0x000001dcd6cef920 nmethod 1018 0x000001dcc7b70210 code [0x000001dcc7b703e0, 0x000001dcc7b70668]
Event: 0.536 Thread 0x000001dcd6cefef0 nmethod 1020 0x000001dcc7b70790 code [0x000001dcc7b70960, 0x000001dcc7b70c68]
Event: 0.536 Thread 0x000001dcd6c0c200 nmethod 1021 0x000001dcc7b70e10 code [0x000001dcc7b70fc0, 0x000001dcc7b71168]
Event: 0.538 Thread 0x000001dcd6acc3a0 1022       1       java.util.Arrays$ArrayItr::hasNext (18 bytes)
Event: 0.538 Thread 0x000001dcd6c0c200 1023       1       java.util.Arrays$ArrayItr::next (36 bytes)
Event: 0.538 Thread 0x000001dcd6c0c200 nmethod 1023 0x000001dcc7b71210 code [0x000001dcc7b713c0, 0x000001dcc7b71528]
Event: 0.538 Thread 0x000001dcd6acc3a0 nmethod 1022 0x000001dcc7b71610 code [0x000001dcc7b717a0, 0x000001dcc7b71898]
Event: 0.538 Thread 0x000001dcd6cefef0 1024       1       java.util.concurrent.ConcurrentHashMap$KeyIterator::next (34 bytes)
Event: 0.538 Thread 0x000001dcd6cefef0 nmethod 1024 0x000001dcc7b71910 code [0x000001dcc7b71ac0, 0x000001dcc7b71c78]
Event: 0.538 Thread 0x000001dcd6c0c200 1025       1       java.util.concurrent.CopyOnWriteArrayList::setArray (6 bytes)
Event: 0.538 Thread 0x000001dcd6c0c200 nmethod 1025 0x000001dcc7b71d90 code [0x000001dcc7b71f20, 0x000001dcc7b72038]
Event: 0.538 Thread 0x000001dcd6cef920 1026       1       jdk.internal.jimage.ImageLocation::verify (218 bytes)
Event: 0.539 Thread 0x000001dcd6cef920 nmethod 1026 0x000001dcc7b72090 code [0x000001dcc7b722c0, 0x000001dcc7b729d8]

GC Heap History (0 events):
No events

Dll operation events (12 events):
Event: 0.009 Loaded shared library C:\Program Files\Eclipse Adoptium\jdk-17.0.16.8-hotspot\bin\java.dll
Event: 0.029 Loaded shared library C:\Program Files\Eclipse Adoptium\jdk-17.0.16.8-hotspot\bin\jsvml.dll
Event: 0.129 Loaded shared library C:\Program Files\Eclipse Adoptium\jdk-17.0.16.8-hotspot\bin\zip.dll
Event: 0.132 Loaded shared library C:\Program Files\Eclipse Adoptium\jdk-17.0.16.8-hotspot\bin\instrument.dll
Event: 0.140 Loaded shared library C:\Program Files\Eclipse Adoptium\jdk-17.0.16.8-hotspot\bin\net.dll
Event: 0.142 Loaded shared library C:\Program Files\Eclipse Adoptium\jdk-17.0.16.8-hotspot\bin\nio.dll
Event: 0.146 Loaded shared library C:\Program Files\Eclipse Adoptium\jdk-17.0.16.8-hotspot\bin\zip.dll
Event: 0.232 Loaded shared library C:\Program Files\JetBrains\IntelliJ IDEA 2024.1.2\bin\breakgen64.dll
Event: 0.237 Loaded shared library C:\Program Files\Eclipse Adoptium\jdk-17.0.16.8-hotspot\bin\jimage.dll
Event: 0.246 Loaded shared library C:\Program Files\Eclipse Adoptium\jdk-17.0.16.8-hotspot\bin\extnet.dll
Event: 0.254 Loaded shared library C:\Program Files\Eclipse Adoptium\jdk-17.0.16.8-hotspot\bin\management.dll
Event: 0.264 Loaded shared library C:\Program Files\Eclipse Adoptium\jdk-17.0.16.8-hotspot\bin\management_ext.dll

Deoptimization events (0 events):
No events

Classes loaded (20 events):
Event: 0.493 Loading class sun/net/www/protocol/jar/JarURLConnection$JarURLInputStream done
Event: 0.521 Loading class java/net/MalformedURLException
Event: 0.521 Loading class java/net/MalformedURLException done
Event: 0.536 Loading class sun/util/calendar/ZoneInfoFile$Checksum
Event: 0.536 Loading class sun/util/calendar/ZoneInfoFile$Checksum done
Event: 0.536 Loading class java/time/zone/ZoneRulesProvider
Event: 0.536 Loading class java/time/zone/ZoneRulesProvider done
Event: 0.536 Loading class java/time/zone/ZoneRulesProvider$1
Event: 0.536 Loading class java/time/zone/ZoneRulesProvider$1 done
Event: 0.536 Loading class java/time/zone/TzdbZoneRulesProvider
Event: 0.536 Loading class java/time/zone/TzdbZoneRulesProvider done
Event: 0.539 Loading class java/time/zone/Ser
Event: 0.539 Loading class java/time/zone/Ser done
Event: 0.539 Loading class java/time/Month
Event: 0.539 Loading class java/time/Month done
Event: 0.540 Loading class java/time/DayOfWeek
Event: 0.540 Loading class java/time/DayOfWeek done
Event: 0.540 Loading class java/time/zone/ZoneOffsetTransitionRule$TimeDefinition
Event: 0.540 Loading class java/time/zone/ZoneOffsetTransitionRule$TimeDefinition done
Event: 0.540 Loading class java/time/zone/ZoneOffsetTransition

Classes unloaded (0 events):
No events

Classes redefined (0 events):
No events

Internal exceptions (12 events):
Event: 0.236 Thread 0x000001dcd6c05c70 Exception <a 'java/lang/NoSuchMethodError'{0x000000071094cee0}: 'java.lang.Object java.lang.invoke.DirectMethodHandle$Holder.invokeStaticInit(java.lang.Object)'> (0x000000071094cee0) 
thrown [s\src\hotspot\share\interpreter\linkResolver.cpp, line 759]
Event: 0.247 Thread 0x000001dcd6c05c70 Exception <a 'java/lang/NoSuchMethodError'{0x000000071095b818}: 'void java.lang.invoke.DirectMethodHandle$Holder.invokeStatic(java.lang.Object, java.lang.Object)'> (0x000000071095b818) 
thrown [s\src\hotspot\share\interpreter\linkResolver.cpp, line 759]
Event: 0.268 Thread 0x000001dcbfc013f0 Exception <a 'java/lang/NoSuchMethodError'{0x000000071093c7b0}: 'int java.lang.invoke.DirectMethodHandle$Holder.invokeInterface(java.lang.Object, java.lang.Object)'> (0x000000071093c7b0) 
thrown [s\src\hotspot\share\interpreter\linkResolver.cpp, line 759]
Event: 0.269 Thread 0x000001dcbfc013f0 Exception <a 'java/lang/IncompatibleClassChangeError'{0x000000071093fdb0}: Found class java.lang.Object, but interface was expected> (0x000000071093fdb0) 
thrown [s\src\hotspot\share\interpreter\linkResolver.cpp, line 826]
Event: 0.310 Thread 0x000001dcbfc013f0 Exception <a 'java/lang/NoSuchMethodError'{0x000000071067c190}: 'int java.lang.invoke.DirectMethodHandle$Holder.invokeSpecial(java.lang.Object, java.lang.Object, java.lang.Object)'> (0x000000071067c190) 
thrown [s\src\hotspot\share\interpreter\linkResolver.cpp, line 759]
Event: 0.346 Thread 0x000001dcbfc013f0 Exception <a 'java/lang/NoSuchMethodError'{0x0000000710777960}: 'void java.lang.invoke.DirectMethodHandle$Holder.invokeStatic(java.lang.Object, java.lang.Object, java.lang.Object)'> (0x0000000710777960) 
thrown [s\src\hotspot\share\interpreter\linkResolver.cpp, line 759]
Event: 0.354 Thread 0x000001dcbfc013f0 Exception <a 'java/lang/NoSuchMethodError'{0x00000007107b4218}: 'int java.lang.invoke.DirectMethodHandle$Holder.invokeSpecialIFC(java.lang.Object, java.lang.Object, java.lang.Object)'> (0x00000007107b4218) 
thrown [s\src\hotspot\share\interpreter\linkResolver.cpp, line 759]
Event: 0.380 Thread 0x000001dcbfc013f0 Exception <a 'java/lang/NoSuchMethodError'{0x000000071042b838}: 'java.lang.Object java.lang.invoke.DirectMethodHandle$Holder.invokeStaticInit(java.lang.Object, int, int, int, int)'> (0x000000071042b838) 
thrown [s\src\hotspot\share\interpreter\linkResolver.cpp, line 759]
Event: 0.427 Thread 0x000001dcbfc013f0 Exception <a 'java/lang/NoSuchMethodError'{0x000000071048c358}: 'java.lang.Object java.lang.invoke.DirectMethodHandle$Holder.invokeStaticInit(java.lang.Object, java.lang.Object, int, int, int, int)'> (0x000000071048c358) 
thrown [s\src\hotspot\share\interpreter\linkResolver.cpp, line 759]
Event: 0.438 Thread 0x000001dcbfc013f0 Exception <a 'java/lang/ClassNotFoundException'{0x00000007104aa618}: javax/management/remote/rmi/RMIServerImpl_Skel> (0x00000007104aa618) 
thrown [s\src\hotspot\share\classfile\systemDictionary.cpp, line 256]
Event: 0.520 Thread 0x000001dcbfc013f0 Exception <a 'java/lang/NoSuchMethodError'{0x00000007103e2900}: 'java.lang.Object java.lang.invoke.DirectMethodHandle$Holder.invokeSpecial(java.lang.Object, java.lang.Object, java.lang.Object, long, java.lang.Object)'> (0x00000007103e2900) 
thrown [s\src\hotspot\share\interpreter\linkResolver.cpp, line 759]
Event: 0.520 Thread 0x000001dcbfc013f0 Exception <a 'java/lang/NoSuchMethodError'{0x00000007103e64d0}: 'java.lang.Object java.lang.invoke.Invokers$Holder.linkToTargetMethod(java.lang.Object, long, java.lang.Object, java.lang.Object)'> (0x00000007103e64d0) 
thrown [s\src\hotspot\share\interpreter\linkResolver.cpp, line 759]

VM Operations (12 events):
Event: 0.116 Executing VM operation: HandshakeAllThreads
Event: 0.116 Executing VM operation: HandshakeAllThreads done
Event: 0.234 Executing VM operation: HandshakeAllThreads
Event: 0.234 Executing VM operation: HandshakeAllThreads done
Event: 0.273 Executing VM operation: HandshakeAllThreads
Event: 0.273 Executing VM operation: HandshakeAllThreads done
Event: 0.369 Executing VM operation: HandshakeAllThreads
Event: 0.369 Executing VM operation: HandshakeAllThreads done
Event: 0.485 Executing VM operation: HandshakeAllThreads
Event: 0.485 Executing VM operation: HandshakeAllThreads done
Event: 0.492 Executing VM operation: HandshakeAllThreads
Event: 0.492 Executing VM operation: HandshakeAllThreads done

Memory protections (0 events):
No events

Nmethod flushes (0 events):
No events

Events (16 events):
Event: 0.029 Thread 0x000001dcbfc013f0 Thread added: 0x000001dcbfc013f0
Event: 0.031 Thread 0x000001dcbfc013f0 Thread added: 0x000001dcd6ae0f20
Event: 0.031 Thread 0x000001dcbfc013f0 Thread added: 0x000001dcd6ae1cb0
Event: 0.041 Thread 0x000001dcbfc013f0 Thread added: 0x000001dcd6bf5980
Event: 0.041 Thread 0x000001dcbfc013f0 Thread added: 0x000001dcd6bf6710
Event: 0.041 Thread 0x000001dcbfc013f0 Thread added: 0x000001dcd6bfa100
Event: 0.041 Thread 0x000001dcbfc013f0 Thread added: 0x000001dcd6bfb9e0
Event: 0.041 Thread 0x000001dcbfc013f0 Thread added: 0x000001dcd6c0c200
Event: 0.041 Thread 0x000001dcbfc013f0 Thread added: 0x000001dcd6c084f0
Event: 0.109 Thread 0x000001dcbfc013f0 Thread added: 0x000001dcd6c075c0
Event: 0.116 Thread 0x000001dcd6c0c200 Thread added: 0x000001dcd6acc3a0
Event: 0.117 Thread 0x000001dcd6c0c200 Thread added: 0x000001dcd6cef920
Event: 0.118 Thread 0x000001dcd6cef920 Thread added: 0x000001dcd6cefef0
Event: 0.232 Thread 0x000001dcbfc013f0 Thread added: 0x000001dcd6c05c70
Event: 0.232 Thread 0x000001dcbfc013f0 Thread added: 0x000001dcd6c06180
Event: 0.443 Thread 0x000001dcbfc013f0 Thread added: 0x000001dcd6c07ad0


Dynamic libraries:
0x00007ff609050000 - 0x00007ff60905e000 	C:\Program Files\Eclipse Adoptium\jdk-17.0.16.8-hotspot\bin\java.exe
0x00007ffd15610000 - 0x00007ffd15808000 	C:\WINDOWS\SYSTEM32\ntdll.dll
0x00007ffd152d0000 - 0x00007ffd1538d000 	C:\WINDOWS\System32\KERNEL32.DLL
0x00007ffd13120000 - 0x00007ffd13416000 	C:\WINDOWS\System32\KERNELBASE.dll
0x00007ffd13540000 - 0x00007ffd13640000 	C:\WINDOWS\System32\ucrtbase.dll
0x00007ffd045d0000 - 0x00007ffd045e7000 	C:\Program Files\Eclipse Adoptium\jdk-17.0.16.8-hotspot\bin\jli.dll
0x00007ffd047d0000 - 0x00007ffd047ee000 	C:\Program Files\Eclipse Adoptium\jdk-17.0.16.8-hotspot\bin\VCRUNTIME140.dll
0x00007ffd14260000 - 0x00007ffd143ff000 	C:\WINDOWS\System32\USER32.dll
0x00007ffd05590000 - 0x00007ffd0582a000 	C:\WINDOWS\WinSxS\amd64_microsoft.windows.common-controls_6595b64144ccf1df_6.0.19041.4355_none_60b8b9eb71f62e16\COMCTL32.dll
0x00007ffd12f90000 - 0x00007ffd12fb2000 	C:\WINDOWS\System32\win32u.dll
0x00007ffd14110000 - 0x00007ffd141ae000 	C:\WINDOWS\System32\msvcrt.dll
0x00007ffd15070000 - 0x00007ffd1509b000 	C:\WINDOWS\System32\GDI32.dll
0x00007ffd13420000 - 0x00007ffd13537000 	C:\WINDOWS\System32\gdi32full.dll
0x00007ffd12e30000 - 0x00007ffd12ecd000 	C:\WINDOWS\System32\msvcp_win.dll
0x00007ffd15390000 - 0x00007ffd153c2000 	C:\WINDOWS\System32\IMM32.DLL
0x00007ffd045c0000 - 0x00007ffd045cc000 	C:\Program Files\Eclipse Adoptium\jdk-17.0.16.8-hotspot\bin\vcruntime140_1.dll
0x00007ffce5bb0000 - 0x00007ffce5c3d000 	C:\Program Files\Eclipse Adoptium\jdk-17.0.16.8-hotspot\bin\msvcp140.dll
0x00007ffcd5ea0000 - 0x00007ffcd6b0b000 	C:\Program Files\Eclipse Adoptium\jdk-17.0.16.8-hotspot\bin\server\jvm.dll
0x00007ffd150a0000 - 0x00007ffd15150000 	C:\WINDOWS\System32\ADVAPI32.dll
0x00007ffd14b60000 - 0x00007ffd14c00000 	C:\WINDOWS\System32\sechost.dll
0x00007ffd153d0000 - 0x00007ffd154f3000 	C:\WINDOWS\System32\RPCRT4.dll
0x00007ffd12f60000 - 0x00007ffd12f87000 	C:\WINDOWS\System32\bcrypt.dll
0x00007ffd15260000 - 0x00007ffd152cb000 	C:\WINDOWS\System32\WS2_32.dll
0x00007ffd121b0000 - 0x00007ffd121fb000 	C:\WINDOWS\SYSTEM32\POWRPROF.dll
0x00007ffd07120000 - 0x00007ffd07147000 	C:\WINDOWS\SYSTEM32\WINMM.dll
0x00007ffd09e80000 - 0x00007ffd09e8a000 	C:\WINDOWS\SYSTEM32\VERSION.dll
0x00007ffd12070000 - 0x00007ffd12082000 	C:\WINDOWS\SYSTEM32\UMPDC.dll
0x00007ffd10b00000 - 0x00007ffd10b12000 	C:\WINDOWS\SYSTEM32\kernel.appcore.dll
0x00007ffd045b0000 - 0x00007ffd045ba000 	C:\Program Files\Eclipse Adoptium\jdk-17.0.16.8-hotspot\bin\jimage.dll
0x00007ffd07a30000 - 0x00007ffd07c14000 	C:\WINDOWS\SYSTEM32\DBGHELP.DLL
0x00007ffcfa9a0000 - 0x00007ffcfa9d4000 	C:\WINDOWS\SYSTEM32\dbgcore.DLL
0x00007ffd12ed0000 - 0x00007ffd12f52000 	C:\WINDOWS\System32\bcryptPrimitives.dll
0x00007ffd03a70000 - 0x00007ffd03a7e000 	C:\Program Files\Eclipse Adoptium\jdk-17.0.16.8-hotspot\bin\instrument.dll
0x00007ffcfd840000 - 0x00007ffcfd865000 	C:\Program Files\Eclipse Adoptium\jdk-17.0.16.8-hotspot\bin\java.dll
0x00007ffce1120000 - 0x00007ffce11f7000 	C:\Program Files\Eclipse Adoptium\jdk-17.0.16.8-hotspot\bin\jsvml.dll
0x00007ffd137e0000 - 0x00007ffd13f4b000 	C:\WINDOWS\System32\SHELL32.dll
0x00007ffd10d00000 - 0x00007ffd1149d000 	C:\WINDOWS\SYSTEM32\windows.storage.dll
0x00007ffd14400000 - 0x00007ffd14753000 	C:\WINDOWS\System32\combase.dll
0x00007ffd12600000 - 0x00007ffd1262e000 	C:\WINDOWS\SYSTEM32\Wldp.dll
0x00007ffd15500000 - 0x00007ffd155cd000 	C:\WINDOWS\System32\OLEAUT32.dll
0x00007ffd15150000 - 0x00007ffd151fd000 	C:\WINDOWS\System32\SHCORE.dll
0x00007ffd14760000 - 0x00007ffd147b5000 	C:\WINDOWS\System32\shlwapi.dll
0x00007ffd12bf0000 - 0x00007ffd12c14000 	C:\WINDOWS\SYSTEM32\profapi.dll
0x00007ffcfd8f0000 - 0x00007ffcfd908000 	C:\Program Files\Eclipse Adoptium\jdk-17.0.16.8-hotspot\bin\zip.dll
0x00007ffcfd880000 - 0x00007ffcfd899000 	C:\Program Files\Eclipse Adoptium\jdk-17.0.16.8-hotspot\bin\net.dll
0x00007ffd0af80000 - 0x00007ffd0b08a000 	C:\WINDOWS\SYSTEM32\WINHTTP.dll
0x00007ffd123e0000 - 0x00007ffd1244a000 	C:\WINDOWS\system32\mswsock.dll
0x00007ffcfd410000 - 0x00007ffcfd426000 	C:\Program Files\Eclipse Adoptium\jdk-17.0.16.8-hotspot\bin\nio.dll
0x00007ffcfd3f0000 - 0x00007ffcfd40a000 	C:\Program Files\JetBrains\IntelliJ IDEA 2024.1.2\bin\breakgen64.dll
0x00007ffd120e0000 - 0x00007ffd121ab000 	C:\WINDOWS\SYSTEM32\DNSAPI.dll
0x00007ffd12090000 - 0x00007ffd120cb000 	C:\WINDOWS\SYSTEM32\IPHLPAPI.DLL
0x00007ffd140f0000 - 0x00007ffd140f8000 	C:\WINDOWS\System32\NSI.dll
0x00007ffcfd830000 - 0x00007ffcfd839000 	C:\Program Files\Eclipse Adoptium\jdk-17.0.16.8-hotspot\bin\extnet.dll
0x00007ffd0b5d0000 - 0x00007ffd0b5da000 	C:\Windows\System32\rasadhlp.dll
0x00007ffd0a1f0000 - 0x00007ffd0a270000 	C:\WINDOWS\System32\fwpuclnt.dll
0x00007ffcfd3e0000 - 0x00007ffcfd3ea000 	C:\Program Files\Eclipse Adoptium\jdk-17.0.16.8-hotspot\bin\management.dll
0x00007ffcfd3d0000 - 0x00007ffcfd3db000 	C:\Program Files\Eclipse Adoptium\jdk-17.0.16.8-hotspot\bin\management_ext.dll
0x00007ffd14100000 - 0x00007ffd14108000 	C:\WINDOWS\System32\PSAPI.DLL
0x00007ffd12640000 - 0x00007ffd12658000 	C:\WINDOWS\SYSTEM32\CRYPTSP.dll
0x00007ffd11cb0000 - 0x00007ffd11ce4000 	C:\WINDOWS\system32\rsaenh.dll
0x00007ffd12b60000 - 0x00007ffd12b8e000 	C:\WINDOWS\SYSTEM32\USERENV.dll
0x00007ffd12570000 - 0x00007ffd1257c000 	C:\WINDOWS\SYSTEM32\CRYPTBASE.dll
0x00007ffd0bf40000 - 0x00007ffd0bf57000 	C:\WINDOWS\SYSTEM32\dhcpcsvc6.DLL
0x00007ffd0be70000 - 0x00007ffd0be8d000 	C:\WINDOWS\SYSTEM32\dhcpcsvc.DLL
0x00007ffcfb270000 - 0x00007ffcfb287000 	C:\WINDOWS\system32\napinsp.dll
0x00007ffcfac30000 - 0x00007ffcfac4b000 	C:\WINDOWS\system32\pnrpnsp.dll
0x00007ffd0d780000 - 0x00007ffd0d795000 	C:\WINDOWS\system32\wshbth.dll
0x00007ffd0e770000 - 0x00007ffd0e78d000 	C:\WINDOWS\system32\NLAapi.dll
0x00007ffcfa500000 - 0x00007ffcfa512000 	C:\WINDOWS\System32\winrnr.dll

dbghelp: loaded successfully - version: 4.0.5 - missing functions: none
symbol engine: initialized successfully - sym options: 0x614 - pdb path: .;C:\Program Files\Eclipse Adoptium\jdk-17.0.16.8-hotspot\bin;C:\WINDOWS\SYSTEM32;C:\WINDOWS\WinSxS\amd64_microsoft.windows.common-controls_6595b64144ccf1df_6.0.19041.4355_none_60b8b9eb71f62e16;C:\Program Files\Eclipse Adoptium\jdk-17.0.16.8-hotspot\bin\server;C:\Program Files\JetBrains\IntelliJ IDEA 2024.1.2\bin

VM Arguments:
jvm_args: -XX:TieredStopAtLevel=1 -Dspring.output.ansi.enabled=always -Dcom.sun.management.jmxremote -Dspring.jmx.enabled=true -Dspring.liveBeansView.mbeanDomain -Dspring.application.admin.enabled=true -Dmanagement.endpoints.jmx.exposure.include=* -javaagent:C:\Program Files\JetBrains\IntelliJ IDEA 2024.1.2\lib\idea_rt.jar=44488:C:\Program Files\JetBrains\IntelliJ IDEA 2024.1.2\bin -Dfile.encoding=UTF-8 
java_command: com.backend_tingeso.demo.DemoApplication
java_class_path (initial): C:\Users\Fabi Windows\Desktop\Universidad\Semestre 02-2025\Tingeso\Backend\demo\build\classes\java\main;C:\Users\Fabi Windows\Desktop\Universidad\Semestre 02-2025\Tingeso\Backend\demo\build\resources\main;C:\Users\Fabi Windows\.gradle\caches\modules-2\files-2.1\org.springframework.boot\spring-boot-starter-data-jpa\3.5.4\866e11ae6a920a20a766a903693a9efbec83d388\spring-boot-starter-data-jpa-3.5.4.jar;C:\Users\Fabi Windows\.gradle\caches\modules-2\files-2.1\org.hibernate.orm\hibernate-core\6.2.6.Final\9c4586a4a2dc721439ee454d5c858c1235b6ecba\hibernate-core-6.2.6.Final.jar;C:\Users\Fabi Windows\.gradle\caches\modules-2\files-2.1\org.springframework.boot\spring-boot-starter-web\3.5.4\d8faea8d3235bd8752b71ea127bc4ffeda6a74cd\spring-boot-starter-web-3.5.4.jar;C:\Users\Fabi Windows\.gradle\caches\modules-2\files-2.1\org.springframework.boot\spring-boot-starter-jdbc\3.5.4\8d04d12a7e011ee5e1ddc8553b4564b62da2f18b\spring-boot-starter-jdbc-3.5.4.jar;C:\Users\Fabi Windows\.gradle\caches\modules-2\files-2.1\org.springframework.boot\spring-boot-starter\3.5.4\442c481e474a4ae6ba2524df3d56b344eb163b0f\spring-boot-starter-3.5.4.jar;C:\Users\Fabi Windows\.gradle\caches\modules-2\files-2.1\org.springframework.data\spring-data-jpa\3.5.2\bf10cfac6bf849ac93c7888f8fd3340feee156de\spring-data-jpa-3.5.2.jar;C:\Users\Fabi Windows\.gradle\caches\modules-2\files-2.1\org.springframework\spring-aspects\6.2.9\6de0395ee57dd21639dab88e855f01855eb7e750\spring-aspects-6.2.9.jar;C:\Users\Fabi Windows\.gradle\caches\modules-2\files-2.1\jakarta.persistence\jakarta.persistence-api\3.1.0\66901fa1c373c6aff65c13791cc11da72060a8d6\jakarta.persistence-api-3.1.0.jar;C:\Users\Fabi Windows\.gradle\caches\modules-2\files-2.1\jakarta.transaction\jakarta.transaction-api\2.0.1\51a520e3fae406abb84e2e1148e6746ce3f80a1a\jakarta.transaction-api-2.0.1.jar;C:\Users\Fabi Windows\.gradle\caches\modules-2\files-2.1\org.springframework.boot\spring-boot-starter-json\3.5.4\bea0574541ef01026e112dc9946c
Launcher Type: SUN_STANDARD

[Global flags]
     intx CICompilerCount                          = 4                                         {product} {ergonomic}
     uint ConcGCThreads                            = 2                                         {product} {ergonomic}
     uint G1ConcRefinementThreads                  = 8                                         {product} {ergonomic}
   size_t G1HeapRegionSize                         = 2097152                                   {product} {ergonomic}
    uintx GCDrainStackTargetSize                   = 64                                        {product} {ergonomic}
   size_t InitialHeapSize                          = 268435456                                 {product} {ergonomic}
     bool ManagementServer                         = true                                      {product} {command line}
   size_t MarkStackSize                            = 4194304                                   {product} {ergonomic}
   size_t MaxHeapSize                              = 4276092928                                {product} {ergonomic}
   size_t MaxNewSize                               = 2564816896                                {product} {ergonomic}
   size_t MinHeapDeltaBytes                        = 2097152                                   {product} {ergonomic}
   size_t MinHeapSize                              = 8388608                                   {product} {ergonomic}
    uintx NonProfiledCodeHeapSize                  = 0                                      {pd product} {ergonomic}
     bool ProfileInterpreter                       = false                                  {pd product} {command line}
    uintx ProfiledCodeHeapSize                     = 0                                      {pd product} {ergonomic}
   size_t SoftMaxHeapSize                          = 4276092928                             {manageable} {ergonomic}
     intx TieredStopAtLevel                        = 1                                         {product} {command line}
     bool UseCompressedClassPointers               = true                           {product lp64_product} {ergonomic}
     bool UseCompressedOops                        = true                           {product lp64_product} {ergonomic}
     bool UseG1GC                                  = true                                      {product} {ergonomic}
     bool UseLargePagesIndividualAllocation        = false                                  {pd product} {ergonomic}

Logging:
Log output configuration:
 #0: stdout all=warning uptime,level,tags
 #1: stderr all=off uptime,level,tags

Environment Variables:
JAVA_HOME=C:\Program Files\Java\jdk-17.0.2
PATH=C:\Program Files\Eclipse Adoptium\jdk-17.0.16.8-hotspot\bin;C:\Program Files (x86)\Common Files\Oracle\Java\java8path;C:\Program Files (x86)\Common Files\Oracle\Java\javapath;C:\Windows\system32;C:\Windows;C:\Windows\System32\Wbem;C:\Windows\System32\WindowsPowerShell\v1.0\;C:\Windows\System32\OpenSSH\;C:\Program Files (x86)\NVIDIA Corporation\PhysX\Common;C:\Program Files\NVIDIA Corporation\NVIDIA NvDLISR;C:\Program Files\TortoiseGit\bin;C:\Program Files\Git\cmd;C:\WINDOWS\system32;C:\WINDOWS;C:\WINDOWS\System32\Wbem;C:\WINDOWS\System32\WindowsPowerShell\v1.0\;C:\WINDOWS\System32\OpenSSH\;C:\Program Files\PuTTY\;C:\Program Files\Calibre2\;C:\Program Files\nodejs\;C:\Program Files\Docker\Docker\resources\bin;C:\Program Files\Tailscale\;C:\Program Files\MySQL\MySQL Shell 8.0\bin\;C:\Users\Fabi Windows\AppData\Local\Microsoft\WindowsApps;C:\Users\Fabi Windows\Downloads\gradle-8.8-bin\gradle-8.8\bin;C:\Program Files\Java\jdk-17.0.2\bin;C:\Users\Fabi Windows\AppData\Local\Programs\Microsoft VS Code\bin;C:\Users\Fabi Windows\AppData\Roaming\npm;C:\Program Files\MongoDB\Server\8.0\bin;C:\Users\Fabi Windows\AppData\Local\GitHubDesktop\bin;C:\MinGW\bin;C:\Program Files (x86)\Nmap;
USERNAME=Fabi Windows
OS=Windows_NT
PROCESSOR_IDENTIFIER=Intel64 Family 6 Model 60 Stepping 3, GenuineIntel
TMP=C:\Users\FABIWI~1\AppData\Local\Temp
TEMP=C:\Users\FABIWI~1\AppData\Local\Temp



Periodic native trim disabled


---------------  S Y S T E M  ---------------

OS:
 Windows 10 , 64 bit Build 19041 (10.0.19041.3636)
OS uptime: 0 days 1:18 hours
Hyper-V role detected

CPU: total 8 (initial active 8) (4 cores per cpu, 2 threads per core) family 6 model 60 stepping 3 microcode 0x27, cx8, cmov, fxsr, ht, mmx, sse, sse2, sse3, ssse3, sse4.1, sse4.2, popcnt, lzcnt, tsc, tscinvbit, avx, avx2, aes, erms, clmul, bmi1, bmi2, fma, vzeroupper, clflush, hv
Processor Information for all 8 processors :
  Max Mhz: 2401, Current Mhz: 2401, Mhz Limit: 2401

Memory: 4k page, system-wide physical 16307M (2165M free)
TotalPageFile size 16307M (AvailPageFile size 4M)
current process WorkingSet (physical memory assigned to process): 61M, peak: 61M
current process commit charge ("private bytes"): 352M, peak: 352M

vm_info: OpenJDK 64-Bit Server VM (17.0.16+8) for windows-amd64 JRE (17.0.16+8), built on Jul 16 2025 10:37:56 by "admin" with MS VC++ 17.7 (VS2022)

END.
