#
# There is insufficient memory for the Java Runtime Environment to continue.
# Native memory allocation (malloc) failed to allocate 1741616 bytes for Chunk::new
# Possible reasons:
#   The system is out of physical RAM or swap space
#   The process is running with CompressedOops enabled, and the Java Heap may be blocking the growth of the native heap
# Possible solutions:
#   Reduce memory load on the system
#   Increase physical memory or swap space
#   Check if swap backing store is full
#   Decrease Java heap size (-Xmx/-Xms)
#   Decrease number of Java threads
#   Decrease Java thread stack sizes (-Xss)
#   Set larger code cache with -XX:ReservedCodeCacheSize=
#   JVM is running with Unscaled Compressed Oops mode in which the Java heap is
#     placed in the first 4GB address space. The Java Heap base address is the
#     maximum limit for the native heap growth. Please use -XX:HeapBaseMinAddress
#     to set the Java Heap base and to place the Java Heap above 4GB virtual address.
# This output file may be truncated or incomplete.
#
#  Out of Memory Error (arena.cpp:189), pid=7836, tid=6452
#
# JRE version: OpenJDK Runtime Environment (17.0.2+8) (build 17.0.2+8-86)
# Java VM: OpenJDK 64-Bit Server VM (17.0.2+8-86, mixed mode, sharing, tiered, compressed oops, compressed class ptrs, g1 gc, windows-amd64)
# No core dump will be written. Minidumps are not enabled by default on client versions of Windows
#

---------------  S U M M A R Y ------------

Command Line: -Didea.coverage.calculate.hits=true -Dorg.gradle.internal.worker.tmpdir=C:\Users\Fabi Windows\Desktop\Universidad\Semestre 02-2025\Tingeso\Backend\demo\build\tmp\test\work --add-opens=java.base/java.lang=ALL-UNNAMED -javaagent:C:\Users\FABIWI~1\AppData\Local\Temp\testAgent1jars\intellij-coverage-agent-1.0.744.jar=C:\Users\FABIWI~1\AppData\Local\Temp\coverage1args -Xmx512m -Dfile.encoding=windows-1252 -Duser.country=US -Duser.language=en -Duser.variant -ea worker.org.gradle.process.internal.worker.GradleWorkerMain 'Gradle Test Executor 3'

Host: Intel(R) Core(TM) i7-4700MQ CPU @ 2.40GHz, 8 cores, 15G,  Windows 10 , 64 bit Build 19041 (10.0.19041.3636)
Time: Tue Sep 23 21:45:25 2025 Pacific SA Daylight Time elapsed time: 2.293745 seconds (0d 0h 0m 2s)

---------------  T H R E A D  ---------------

Current thread (0x000001b47f269de0):  JavaThread "C2 CompilerThread2" daemon [_thread_in_native, id=6452, stack(0x0000007c2b600000,0x0000007c2b700000)]


Current CompileTask:
C2:   2293 2445       4       org.jetbrains.coverage.org.objectweb.asm.SymbolTable::addConstant (326 bytes)

Stack: [0x0000007c2b600000,0x0000007c2b700000]
Native frames: (J=compiled Java code, j=interpreted, Vv=VM code, C=native code)
V  [jvm.dll+0x670baa]
V  [jvm.dll+0x7cfcb4]
V  [jvm.dll+0x7d145e]
V  [jvm.dll+0x7d1ac3]
V  [jvm.dll+0x242bc5]
V  [jvm.dll+0xaa57b]
V  [jvm.dll+0xaab0c]
V  [jvm.dll+0x35fcb2]
V  [jvm.dll+0x32a331]
V  [jvm.dll+0x3297da]
V  [jvm.dll+0x215c91]
V  [jvm.dll+0x2150b1]
V  [jvm.dll+0x1a1bbd]
V  [jvm.dll+0x224908]
V  [jvm.dll+0x222a6c]
V  [jvm.dll+0x7859bb]
V  [jvm.dll+0x77ff7a]
V  [jvm.dll+0x66fa35]
C  [ucrtbase.dll+0x21bb2]
C  [KERNEL32.DLL+0x17344]
C  [ntdll.dll+0x526b1]


---------------  P R O C E S S  ---------------

Threads class SMR info:
_java_thread_list=0x000001b417688190, length=17, elements={
0x000001b4798fb210, 0x000001b47d9ea910, 0x000001b47d9ebe30, 0x000001b47da053a0,
0x000001b47da05e60, 0x000001b47da09100, 0x000001b47da099c0, 0x000001b47da11b70,
0x000001b47da14d10, 0x000001b47da255f0, 0x000001b47e5f11f0, 0x000001b47e4837c0,
0x000001b47e6f0ec0, 0x000001b47f269de0, 0x000001b47eb8a830, 0x000001b417cdc270,
0x000001b41832c860
}

Java Threads: ( => current thread )
  0x000001b4798fb210 JavaThread "Test worker" [_thread_in_native, id=17048, stack(0x0000007c2a200000,0x0000007c2a300000)]
  0x000001b47d9ea910 JavaThread "Reference Handler" daemon [_thread_blocked, id=9656, stack(0x0000007c2a900000,0x0000007c2aa00000)]
  0x000001b47d9ebe30 JavaThread "Finalizer" daemon [_thread_blocked, id=4892, stack(0x0000007c2aa00000,0x0000007c2ab00000)]
  0x000001b47da053a0 JavaThread "Signal Dispatcher" daemon [_thread_blocked, id=1236, stack(0x0000007c2ab00000,0x0000007c2ac00000)]
  0x000001b47da05e60 JavaThread "Attach Listener" daemon [_thread_blocked, id=10524, stack(0x0000007c2ac00000,0x0000007c2ad00000)]
  0x000001b47da09100 JavaThread "Service Thread" daemon [_thread_blocked, id=16176, stack(0x0000007c2ad00000,0x0000007c2ae00000)]
  0x000001b47da099c0 JavaThread "Monitor Deflation Thread" daemon [_thread_blocked, id=7160, stack(0x0000007c2ae00000,0x0000007c2af00000)]
  0x000001b47da11b70 JavaThread "C2 CompilerThread0" daemon [_thread_in_native, id=1792, stack(0x0000007c2af00000,0x0000007c2b000000)]
  0x000001b47da14d10 JavaThread "C1 CompilerThread0" daemon [_thread_blocked, id=14412, stack(0x0000007c2b000000,0x0000007c2b100000)]
  0x000001b47da255f0 JavaThread "Sweeper thread" daemon [_thread_blocked, id=1504, stack(0x0000007c2b100000,0x0000007c2b200000)]
  0x000001b47e5f11f0 JavaThread "Common-Cleaner" daemon [_thread_blocked, id=13936, stack(0x0000007c2b200000,0x0000007c2b300000)]
  0x000001b47e4837c0 JavaThread "Notification Thread" daemon [_thread_blocked, id=15168, stack(0x0000007c2b300000,0x0000007c2b400000)]
  0x000001b47e6f0ec0 JavaThread "C2 CompilerThread1" daemon [_thread_in_native, id=4736, stack(0x0000007c2b500000,0x0000007c2b600000)]
=>0x000001b47f269de0 JavaThread "C2 CompilerThread2" daemon [_thread_in_native, id=6452, stack(0x0000007c2b600000,0x0000007c2b700000)]
  0x000001b47eb8a830 JavaThread "/127.0.0.1:52024 to /127.0.0.1:52022 workers" [_thread_blocked, id=4092, stack(0x0000007c2bf00000,0x0000007c2c000000)]
  0x000001b417cdc270 JavaThread "/127.0.0.1:52024 to /127.0.0.1:52022 workers Thread 2" [_thread_blocked, id=5272, stack(0x0000007c2c000000,0x0000007c2c100000)]
  0x000001b41832c860 JavaThread "/127.0.0.1:52024 to /127.0.0.1:52022 workers Thread 3" [_thread_in_native, id=15628, stack(0x0000007c2c100000,0x0000007c2c200000)]

Other Threads:
  0x000001b47d9e3650 VMThread "VM Thread" [stack: 0x0000007c2a800000,0x0000007c2a900000] [id=12384]
  0x000001b47e483c90 WatcherThread [stack: 0x0000007c2b400000,0x0000007c2b500000] [id=2508]
  0x000001b479929a30 GCTaskThread "GC Thread#0" [stack: 0x0000007c2a300000,0x0000007c2a400000] [id=16532]
  0x000001b47f501f30 GCTaskThread "GC Thread#1" [stack: 0x0000007c2b700000,0x0000007c2b800000] [id=12364]
  0x000001b47f500700 GCTaskThread "GC Thread#2" [stack: 0x0000007c2b800000,0x0000007c2b900000] [id=13388]
  0x000001b47f501720 GCTaskThread "GC Thread#3" [stack: 0x0000007c2b900000,0x0000007c2ba00000] [id=16112]
  0x000001b47f500c60 GCTaskThread "GC Thread#4" [stack: 0x0000007c2ba00000,0x0000007c2bb00000] [id=12756]
  0x000001b47f501470 GCTaskThread "GC Thread#5" [stack: 0x0000007c2bb00000,0x0000007c2bc00000] [id=14720]
  0x000001b47f5011c0 GCTaskThread "GC Thread#6" [stack: 0x0000007c2bd00000,0x0000007c2be00000] [id=8216]
  0x000001b47f5009b0 GCTaskThread "GC Thread#7" [stack: 0x0000007c2be00000,0x0000007c2bf00000] [id=17052]
  0x000001b47992c860 ConcurrentGCThread "G1 Main Marker" [stack: 0x0000007c2a400000,0x0000007c2a500000] [id=14552]
  0x000001b47992d920 ConcurrentGCThread "G1 Conc#0" [stack: 0x0000007c2a500000,0x0000007c2a600000] [id=3256]
  0x000001b4799ae7e0 ConcurrentGCThread "G1 Refine#0" [stack: 0x0000007c2a600000,0x0000007c2a700000] [id=6728]
  0x000001b47d8ac270 ConcurrentGCThread "G1 Service" [stack: 0x0000007c2a700000,0x0000007c2a800000] [id=6352]

Threads with active compile tasks:
C2 CompilerThread0     2312 2157       4       org.jetbrains.coverage.org.objectweb.asm.ClassReader::readCode (5095 bytes)
C2 CompilerThread1     2312 2524       4       org.jetbrains.coverage.org.objectweb.asm.commons.LocalVariablesSorter::<init> (89 bytes)
C2 CompilerThread2     2312 2445       4       org.jetbrains.coverage.org.objectweb.asm.SymbolTable::addConstant (326 bytes)

VM state: not at safepoint (normal execution)

VM Mutex/Monitor currently owned by a thread: None

Heap address: 0x00000000e0000000, size: 512 MB, Compressed Oops mode: 32-bit

CDS archive(s) mapped at: [0x0000000800000000-0x0000000800bc0000-0x0000000800bc0000), size 12320768, SharedBaseAddress: 0x0000000800000000, ArchiveRelocationMode: 0.
Compressed class space mapped at: 0x0000000800c00000-0x0000000840c00000, reserved size: 1073741824
Narrow klass base: 0x0000000800000000, Narrow klass shift: 0, Narrow klass range: 0x100000000

GC Precious Log:
 CPUs: 8 total, 8 available
 Memory: 16307M
 Large Page Support: Disabled
 NUMA Support: Disabled
 Compressed Oops: Enabled (32-bit)
 Heap Region Size: 1M
 Heap Min Capacity: 8M
 Heap Initial Capacity: 256M
 Heap Max Capacity: 512M
 Pre-touch: Disabled
 Parallel Workers: 8
 Concurrent Workers: 2
 Concurrent Refinement Workers: 8
 Periodic GC: Disabled

Heap:
 garbage-first heap   total 262144K, used 54664K [0x00000000e0000000, 0x0000000100000000)
  region size 1024K, 44 young (45056K), 3 survivors (3072K)
 Metaspace       used 11798K, committed 11968K, reserved 1064960K
  class space    used 1440K, committed 1536K, reserved 1048576K

Heap Regions: E=young(eden), S=young(survivor), O=old, HS=humongous(starts), HC=humongous(continues), CS=collection set, F=free, OA=open archive, CA=closed archive, TAMS=top-at-mark-start (previous, next)
|   0|0x00000000e0000000, 0x00000000e0100000, 0x00000000e0100000|100%|HS|  |TAMS 0x00000000e0000000, 0x00000000e0000000| Complete 
|   1|0x00000000e0100000, 0x00000000e0200000, 0x00000000e0200000|100%| O|  |TAMS 0x00000000e0100000, 0x00000000e0100000| Untracked 
|   2|0x00000000e0200000, 0x00000000e0300000, 0x00000000e0300000|100%| O|  |TAMS 0x00000000e0200000, 0x00000000e0200000| Untracked 
|   3|0x00000000e0300000, 0x00000000e0400000, 0x00000000e0400000|100%| O|  |TAMS 0x00000000e0300000, 0x00000000e0300000| Untracked 
|   4|0x00000000e0400000, 0x00000000e0500000, 0x00000000e0500000|100%| O|  |TAMS 0x00000000e0400000, 0x00000000e0400000| Untracked 
|   5|0x00000000e0500000, 0x00000000e0600000, 0x00000000e0600000|100%| O|  |TAMS 0x00000000e0500000, 0x00000000e0500000| Untracked 
|   6|0x00000000e0600000, 0x00000000e0700000, 0x00000000e0700000|100%| O|  |TAMS 0x00000000e0600000, 0x00000000e0600000| Untracked 
|   7|0x00000000e0700000, 0x00000000e0800000, 0x00000000e0800000|100%| O|  |TAMS 0x00000000e0700000, 0x00000000e0700000| Untracked 
|   8|0x00000000e0800000, 0x00000000e0900000, 0x00000000e0900000|100%| O|  |TAMS 0x00000000e0800000, 0x00000000e0800000| Untracked 
|   9|0x00000000e0900000, 0x00000000e0a00000, 0x00000000e0a00000|100%| O|  |TAMS 0x00000000e0900000, 0x00000000e0900000| Untracked 
|  10|0x00000000e0a00000, 0x00000000e0b00000, 0x00000000e0b00000|100%| O|  |TAMS 0x00000000e0a00000, 0x00000000e0a00000| Untracked 
|  11|0x00000000e0b00000, 0x00000000e0b09000, 0x00000000e0c00000|  3%| O|  |TAMS 0x00000000e0b00000, 0x00000000e0b00000| Untracked 
|  12|0x00000000e0c00000, 0x00000000e0c00000, 0x00000000e0d00000|  0%| F|  |TAMS 0x00000000e0c00000, 0x00000000e0c00000| Untracked 
|  13|0x00000000e0d00000, 0x00000000e0d00000, 0x00000000e0e00000|  0%| F|  |TAMS 0x00000000e0d00000, 0x00000000e0d00000| Untracked 
|  14|0x00000000e0e00000, 0x00000000e0e00000, 0x00000000e0f00000|  0%| F|  |TAMS 0x00000000e0e00000, 0x00000000e0e00000| Untracked 
|  15|0x00000000e0f00000, 0x00000000e0f00000, 0x00000000e1000000|  0%| F|  |TAMS 0x00000000e0f00000, 0x00000000e0f00000| Untracked 
|  16|0x00000000e1000000, 0x00000000e1000000, 0x00000000e1100000|  0%| F|  |TAMS 0x00000000e1000000, 0x00000000e1000000| Untracked 
|  17|0x00000000e1100000, 0x00000000e1100000, 0x00000000e1200000|  0%| F|  |TAMS 0x00000000e1100000, 0x00000000e1100000| Untracked 
|  18|0x00000000e1200000, 0x00000000e1200000, 0x00000000e1300000|  0%| F|  |TAMS 0x00000000e1200000, 0x00000000e1200000| Untracked 
|  19|0x00000000e1300000, 0x00000000e1300000, 0x00000000e1400000|  0%| F|  |TAMS 0x00000000e1300000, 0x00000000e1300000| Untracked 
|  20|0x00000000e1400000, 0x00000000e1400000, 0x00000000e1500000|  0%| F|  |TAMS 0x00000000e1400000, 0x00000000e1400000| Untracked 
|  21|0x00000000e1500000, 0x00000000e1500000, 0x00000000e1600000|  0%| F|  |TAMS 0x00000000e1500000, 0x00000000e1500000| Untracked 
|  22|0x00000000e1600000, 0x00000000e1600000, 0x00000000e1700000|  0%| F|  |TAMS 0x00000000e1600000, 0x00000000e1600000| Untracked 
|  23|0x00000000e1700000, 0x00000000e1700000, 0x00000000e1800000|  0%| F|  |TAMS 0x00000000e1700000, 0x00000000e1700000| Untracked 
|  24|0x00000000e1800000, 0x00000000e1800000, 0x00000000e1900000|  0%| F|  |TAMS 0x00000000e1800000, 0x00000000e1800000| Untracked 
|  25|0x00000000e1900000, 0x00000000e1900000, 0x00000000e1a00000|  0%| F|  |TAMS 0x00000000e1900000, 0x00000000e1900000| Untracked 
|  26|0x00000000e1a00000, 0x00000000e1a00000, 0x00000000e1b00000|  0%| F|  |TAMS 0x00000000e1a00000, 0x00000000e1a00000| Untracked 
|  27|0x00000000e1b00000, 0x00000000e1b00000, 0x00000000e1c00000|  0%| F|  |TAMS 0x00000000e1b00000, 0x00000000e1b00000| Untracked 
|  28|0x00000000e1c00000, 0x00000000e1c00000, 0x00000000e1d00000|  0%| F|  |TAMS 0x00000000e1c00000, 0x00000000e1c00000| Untracked 
|  29|0x00000000e1d00000, 0x00000000e1d00000, 0x00000000e1e00000|  0%| F|  |TAMS 0x00000000e1d00000, 0x00000000e1d00000| Untracked 
|  30|0x00000000e1e00000, 0x00000000e1e00000, 0x00000000e1f00000|  0%| F|  |TAMS 0x00000000e1e00000, 0x00000000e1e00000| Untracked 
|  31|0x00000000e1f00000, 0x00000000e1f00000, 0x00000000e2000000|  0%| F|  |TAMS 0x00000000e1f00000, 0x00000000e1f00000| Untracked 
|  32|0x00000000e2000000, 0x00000000e2000000, 0x00000000e2100000|  0%| F|  |TAMS 0x00000000e2000000, 0x00000000e2000000| Untracked 
|  33|0x00000000e2100000, 0x00000000e2100000, 0x00000000e2200000|  0%| F|  |TAMS 0x00000000e2100000, 0x00000000e2100000| Untracked 
|  34|0x00000000e2200000, 0x00000000e2200000, 0x00000000e2300000|  0%| F|  |TAMS 0x00000000e2200000, 0x00000000e2200000| Untracked 
|  35|0x00000000e2300000, 0x00000000e2300000, 0x00000000e2400000|  0%| F|  |TAMS 0x00000000e2300000, 0x00000000e2300000| Untracked 
|  36|0x00000000e2400000, 0x00000000e2400000, 0x00000000e2500000|  0%| F|  |TAMS 0x00000000e2400000, 0x00000000e2400000| Untracked 
|  37|0x00000000e2500000, 0x00000000e2500000, 0x00000000e2600000|  0%| F|  |TAMS 0x00000000e2500000, 0x00000000e2500000| Untracked 
|  38|0x00000000e2600000, 0x00000000e2600000, 0x00000000e2700000|  0%| F|  |TAMS 0x00000000e2600000, 0x00000000e2600000| Untracked 
|  39|0x00000000e2700000, 0x00000000e2700000, 0x00000000e2800000|  0%| F|  |TAMS 0x00000000e2700000, 0x00000000e2700000| Untracked 
|  40|0x00000000e2800000, 0x00000000e2800000, 0x00000000e2900000|  0%| F|  |TAMS 0x00000000e2800000, 0x00000000e2800000| Untracked 
|  41|0x00000000e2900000, 0x00000000e2900000, 0x00000000e2a00000|  0%| F|  |TAMS 0x00000000e2900000, 0x00000000e2900000| Untracked 
|  42|0x00000000e2a00000, 0x00000000e2a00000, 0x00000000e2b00000|  0%| F|  |TAMS 0x00000000e2a00000, 0x00000000e2a00000| Untracked 
|  43|0x00000000e2b00000, 0x00000000e2b00000, 0x00000000e2c00000|  0%| F|  |TAMS 0x00000000e2b00000, 0x00000000e2b00000| Untracked 
|  44|0x00000000e2c00000, 0x00000000e2c00000, 0x00000000e2d00000|  0%| F|  |TAMS 0x00000000e2c00000, 0x00000000e2c00000| Untracked 
|  45|0x00000000e2d00000, 0x00000000e2d00000, 0x00000000e2e00000|  0%| F|  |TAMS 0x00000000e2d00000, 0x00000000e2d00000| Untracked 
|  46|0x00000000e2e00000, 0x00000000e2e00000, 0x00000000e2f00000|  0%| F|  |TAMS 0x00000000e2e00000, 0x00000000e2e00000| Untracked 
|  47|0x00000000e2f00000, 0x00000000e2f00000, 0x00000000e3000000|  0%| F|  |TAMS 0x00000000e2f00000, 0x00000000e2f00000| Untracked 
|  48|0x00000000e3000000, 0x00000000e3000000, 0x00000000e3100000|  0%| F|  |TAMS 0x00000000e3000000, 0x00000000e3000000| Untracked 
|  49|0x00000000e3100000, 0x00000000e3100000, 0x00000000e3200000|  0%| F|  |TAMS 0x00000000e3100000, 0x00000000e3100000| Untracked 
|  50|0x00000000e3200000, 0x00000000e3200000, 0x00000000e3300000|  0%| F|  |TAMS 0x00000000e3200000, 0x00000000e3200000| Untracked 
|  51|0x00000000e3300000, 0x00000000e3300000, 0x00000000e3400000|  0%| F|  |TAMS 0x00000000e3300000, 0x00000000e3300000| Untracked 
|  52|0x00000000e3400000, 0x00000000e3400000, 0x00000000e3500000|  0%| F|  |TAMS 0x00000000e3400000, 0x00000000e3400000| Untracked 
|  53|0x00000000e3500000, 0x00000000e3500000, 0x00000000e3600000|  0%| F|  |TAMS 0x00000000e3500000, 0x00000000e3500000| Untracked 
|  54|0x00000000e3600000, 0x00000000e3600000, 0x00000000e3700000|  0%| F|  |TAMS 0x00000000e3600000, 0x00000000e3600000| Untracked 
|  55|0x00000000e3700000, 0x00000000e3700000, 0x00000000e3800000|  0%| F|  |TAMS 0x00000000e3700000, 0x00000000e3700000| Untracked 
|  56|0x00000000e3800000, 0x00000000e3800000, 0x00000000e3900000|  0%| F|  |TAMS 0x00000000e3800000, 0x00000000e3800000| Untracked 
|  57|0x00000000e3900000, 0x00000000e3900000, 0x00000000e3a00000|  0%| F|  |TAMS 0x00000000e3900000, 0x00000000e3900000| Untracked 
|  58|0x00000000e3a00000, 0x00000000e3a00000, 0x00000000e3b00000|  0%| F|  |TAMS 0x00000000e3a00000, 0x00000000e3a00000| Untracked 
|  59|0x00000000e3b00000, 0x00000000e3b00000, 0x00000000e3c00000|  0%| F|  |TAMS 0x00000000e3b00000, 0x00000000e3b00000| Untracked 
|  60|0x00000000e3c00000, 0x00000000e3c00000, 0x00000000e3d00000|  0%| F|  |TAMS 0x00000000e3c00000, 0x00000000e3c00000| Untracked 
|  61|0x00000000e3d00000, 0x00000000e3d00000, 0x00000000e3e00000|  0%| F|  |TAMS 0x00000000e3d00000, 0x00000000e3d00000| Untracked 
|  62|0x00000000e3e00000, 0x00000000e3e00000, 0x00000000e3f00000|  0%| F|  |TAMS 0x00000000e3e00000, 0x00000000e3e00000| Untracked 
|  63|0x00000000e3f00000, 0x00000000e3f00000, 0x00000000e4000000|  0%| F|  |TAMS 0x00000000e3f00000, 0x00000000e3f00000| Untracked 
|  64|0x00000000e4000000, 0x00000000e4000000, 0x00000000e4100000|  0%| F|  |TAMS 0x00000000e4000000, 0x00000000e4000000| Untracked 
|  65|0x00000000e4100000, 0x00000000e4100000, 0x00000000e4200000|  0%| F|  |TAMS 0x00000000e4100000, 0x00000000e4100000| Untracked 
|  66|0x00000000e4200000, 0x00000000e4200000, 0x00000000e4300000|  0%| F|  |TAMS 0x00000000e4200000, 0x00000000e4200000| Untracked 
|  67|0x00000000e4300000, 0x00000000e4300000, 0x00000000e4400000|  0%| F|  |TAMS 0x00000000e4300000, 0x00000000e4300000| Untracked 
|  68|0x00000000e4400000, 0x00000000e4400000, 0x00000000e4500000|  0%| F|  |TAMS 0x00000000e4400000, 0x00000000e4400000| Untracked 
|  69|0x00000000e4500000, 0x00000000e4500000, 0x00000000e4600000|  0%| F|  |TAMS 0x00000000e4500000, 0x00000000e4500000| Untracked 
|  70|0x00000000e4600000, 0x00000000e4600000, 0x00000000e4700000|  0%| F|  |TAMS 0x00000000e4600000, 0x00000000e4600000| Untracked 
|  71|0x00000000e4700000, 0x00000000e4700000, 0x00000000e4800000|  0%| F|  |TAMS 0x00000000e4700000, 0x00000000e4700000| Untracked 
|  72|0x00000000e4800000, 0x00000000e4800000, 0x00000000e4900000|  0%| F|  |TAMS 0x00000000e4800000, 0x00000000e4800000| Untracked 
|  73|0x00000000e4900000, 0x00000000e4900000, 0x00000000e4a00000|  0%| F|  |TAMS 0x00000000e4900000, 0x00000000e4900000| Untracked 
|  74|0x00000000e4a00000, 0x00000000e4a00000, 0x00000000e4b00000|  0%| F|  |TAMS 0x00000000e4a00000, 0x00000000e4a00000| Untracked 
|  75|0x00000000e4b00000, 0x00000000e4b00000, 0x00000000e4c00000|  0%| F|  |TAMS 0x00000000e4b00000, 0x00000000e4b00000| Untracked 
|  76|0x00000000e4c00000, 0x00000000e4c00000, 0x00000000e4d00000|  0%| F|  |TAMS 0x00000000e4c00000, 0x00000000e4c00000| Untracked 
|  77|0x00000000e4d00000, 0x00000000e4d00000, 0x00000000e4e00000|  0%| F|  |TAMS 0x00000000e4d00000, 0x00000000e4d00000| Untracked 
|  78|0x00000000e4e00000, 0x00000000e4e00000, 0x00000000e4f00000|  0%| F|  |TAMS 0x00000000e4e00000, 0x00000000e4e00000| Untracked 
|  79|0x00000000e4f00000, 0x00000000e4f00000, 0x00000000e5000000|  0%| F|  |TAMS 0x00000000e4f00000, 0x00000000e4f00000| Untracked 
|  80|0x00000000e5000000, 0x00000000e5000000, 0x00000000e5100000|  0%| F|  |TAMS 0x00000000e5000000, 0x00000000e5000000| Untracked 
|  81|0x00000000e5100000, 0x00000000e5100000, 0x00000000e5200000|  0%| F|  |TAMS 0x00000000e5100000, 0x00000000e5100000| Untracked 
|  82|0x00000000e5200000, 0x00000000e5200000, 0x00000000e5300000|  0%| F|  |TAMS 0x00000000e5200000, 0x00000000e5200000| Untracked 
|  83|0x00000000e5300000, 0x00000000e5300000, 0x00000000e5400000|  0%| F|  |TAMS 0x00000000e5300000, 0x00000000e5300000| Untracked 
|  84|0x00000000e5400000, 0x00000000e5400000, 0x00000000e5500000|  0%| F|  |TAMS 0x00000000e5400000, 0x00000000e5400000| Untracked 
|  85|0x00000000e5500000, 0x00000000e5500000, 0x00000000e5600000|  0%| F|  |TAMS 0x00000000e5500000, 0x00000000e5500000| Untracked 
|  86|0x00000000e5600000, 0x00000000e5600000, 0x00000000e5700000|  0%| F|  |TAMS 0x00000000e5600000, 0x00000000e5600000| Untracked 
|  87|0x00000000e5700000, 0x00000000e5700000, 0x00000000e5800000|  0%| F|  |TAMS 0x00000000e5700000, 0x00000000e5700000| Untracked 
|  88|0x00000000e5800000, 0x00000000e5800000, 0x00000000e5900000|  0%| F|  |TAMS 0x00000000e5800000, 0x00000000e5800000| Untracked 
|  89|0x00000000e5900000, 0x00000000e5900000, 0x00000000e5a00000|  0%| F|  |TAMS 0x00000000e5900000, 0x00000000e5900000| Untracked 
|  90|0x00000000e5a00000, 0x00000000e5a00000, 0x00000000e5b00000|  0%| F|  |TAMS 0x00000000e5a00000, 0x00000000e5a00000| Untracked 
|  91|0x00000000e5b00000, 0x00000000e5b00000, 0x00000000e5c00000|  0%| F|  |TAMS 0x00000000e5b00000, 0x00000000e5b00000| Untracked 
|  92|0x00000000e5c00000, 0x00000000e5c00000, 0x00000000e5d00000|  0%| F|  |TAMS 0x00000000e5c00000, 0x00000000e5c00000| Untracked 
|  93|0x00000000e5d00000, 0x00000000e5d00000, 0x00000000e5e00000|  0%| F|  |TAMS 0x00000000e5d00000, 0x00000000e5d00000| Untracked 
|  94|0x00000000e5e00000, 0x00000000e5e00000, 0x00000000e5f00000|  0%| F|  |TAMS 0x00000000e5e00000, 0x00000000e5e00000| Untracked 
|  95|0x00000000e5f00000, 0x00000000e5f00000, 0x00000000e6000000|  0%| F|  |TAMS 0x00000000e5f00000, 0x00000000e5f00000| Untracked 
|  96|0x00000000e6000000, 0x00000000e6000000, 0x00000000e6100000|  0%| F|  |TAMS 0x00000000e6000000, 0x00000000e6000000| Untracked 
|  97|0x00000000e6100000, 0x00000000e6100000, 0x00000000e6200000|  0%| F|  |TAMS 0x00000000e6100000, 0x00000000e6100000| Untracked 
|  98|0x00000000e6200000, 0x00000000e6200000, 0x00000000e6300000|  0%| F|  |TAMS 0x00000000e6200000, 0x00000000e6200000| Untracked 
|  99|0x00000000e6300000, 0x00000000e6300000, 0x00000000e6400000|  0%| F|  |TAMS 0x00000000e6300000, 0x00000000e6300000| Untracked 
| 100|0x00000000e6400000, 0x00000000e6400000, 0x00000000e6500000|  0%| F|  |TAMS 0x00000000e6400000, 0x00000000e6400000| Untracked 
| 101|0x00000000e6500000, 0x00000000e6500000, 0x00000000e6600000|  0%| F|  |TAMS 0x00000000e6500000, 0x00000000e6500000| Untracked 
| 102|0x00000000e6600000, 0x00000000e6600000, 0x00000000e6700000|  0%| F|  |TAMS 0x00000000e6600000, 0x00000000e6600000| Untracked 
| 103|0x00000000e6700000, 0x00000000e6700000, 0x00000000e6800000|  0%| F|  |TAMS 0x00000000e6700000, 0x00000000e6700000| Untracked 
| 104|0x00000000e6800000, 0x00000000e6800000, 0x00000000e6900000|  0%| F|  |TAMS 0x00000000e6800000, 0x00000000e6800000| Untracked 
| 105|0x00000000e6900000, 0x00000000e6900000, 0x00000000e6a00000|  0%| F|  |TAMS 0x00000000e6900000, 0x00000000e6900000| Untracked 
| 106|0x00000000e6a00000, 0x00000000e6a00000, 0x00000000e6b00000|  0%| F|  |TAMS 0x00000000e6a00000, 0x00000000e6a00000| Untracked 
| 107|0x00000000e6b00000, 0x00000000e6b00000, 0x00000000e6c00000|  0%| F|  |TAMS 0x00000000e6b00000, 0x00000000e6b00000| Untracked 
| 108|0x00000000e6c00000, 0x00000000e6c00000, 0x00000000e6d00000|  0%| F|  |TAMS 0x00000000e6c00000, 0x00000000e6c00000| Untracked 
| 109|0x00000000e6d00000, 0x00000000e6d00000, 0x00000000e6e00000|  0%| F|  |TAMS 0x00000000e6d00000, 0x00000000e6d00000| Untracked 
| 110|0x00000000e6e00000, 0x00000000e6e00000, 0x00000000e6f00000|  0%| F|  |TAMS 0x00000000e6e00000, 0x00000000e6e00000| Untracked 
| 111|0x00000000e6f00000, 0x00000000e6f00000, 0x00000000e7000000|  0%| F|  |TAMS 0x00000000e6f00000, 0x00000000e6f00000| Untracked 
| 112|0x00000000e7000000, 0x00000000e7000000, 0x00000000e7100000|  0%| F|  |TAMS 0x00000000e7000000, 0x00000000e7000000| Untracked 
| 113|0x00000000e7100000, 0x00000000e7100000, 0x00000000e7200000|  0%| F|  |TAMS 0x00000000e7100000, 0x00000000e7100000| Untracked 
| 114|0x00000000e7200000, 0x00000000e7200000, 0x00000000e7300000|  0%| F|  |TAMS 0x00000000e7200000, 0x00000000e7200000| Untracked 
| 115|0x00000000e7300000, 0x00000000e7300000, 0x00000000e7400000|  0%| F|  |TAMS 0x00000000e7300000, 0x00000000e7300000| Untracked 
| 116|0x00000000e7400000, 0x00000000e7400000, 0x00000000e7500000|  0%| F|  |TAMS 0x00000000e7400000, 0x00000000e7400000| Untracked 
| 117|0x00000000e7500000, 0x00000000e7500000, 0x00000000e7600000|  0%| F|  |TAMS 0x00000000e7500000, 0x00000000e7500000| Untracked 
| 118|0x00000000e7600000, 0x00000000e7600000, 0x00000000e7700000|  0%| F|  |TAMS 0x00000000e7600000, 0x00000000e7600000| Untracked 
| 119|0x00000000e7700000, 0x00000000e7700000, 0x00000000e7800000|  0%| F|  |TAMS 0x00000000e7700000, 0x00000000e7700000| Untracked 
| 120|0x00000000e7800000, 0x00000000e7800000, 0x00000000e7900000|  0%| F|  |TAMS 0x00000000e7800000, 0x00000000e7800000| Untracked 
| 121|0x00000000e7900000, 0x00000000e7900000, 0x00000000e7a00000|  0%| F|  |TAMS 0x00000000e7900000, 0x00000000e7900000| Untracked 
| 122|0x00000000e7a00000, 0x00000000e7a00000, 0x00000000e7b00000|  0%| F|  |TAMS 0x00000000e7a00000, 0x00000000e7a00000| Untracked 
| 123|0x00000000e7b00000, 0x00000000e7b00000, 0x00000000e7c00000|  0%| F|  |TAMS 0x00000000e7b00000, 0x00000000e7b00000| Untracked 
| 124|0x00000000e7c00000, 0x00000000e7c00000, 0x00000000e7d00000|  0%| F|  |TAMS 0x00000000e7c00000, 0x00000000e7c00000| Untracked 
| 125|0x00000000e7d00000, 0x00000000e7d00000, 0x00000000e7e00000|  0%| F|  |TAMS 0x00000000e7d00000, 0x00000000e7d00000| Untracked 
| 126|0x00000000e7e00000, 0x00000000e7e00000, 0x00000000e7f00000|  0%| F|  |TAMS 0x00000000e7e00000, 0x00000000e7e00000| Untracked 
| 127|0x00000000e7f00000, 0x00000000e7f00000, 0x00000000e8000000|  0%| F|  |TAMS 0x00000000e7f00000, 0x00000000e7f00000| Untracked 
| 128|0x00000000e8000000, 0x00000000e8000000, 0x00000000e8100000|  0%| F|  |TAMS 0x00000000e8000000, 0x00000000e8000000| Untracked 
| 129|0x00000000e8100000, 0x00000000e8100000, 0x00000000e8200000|  0%| F|  |TAMS 0x00000000e8100000, 0x00000000e8100000| Untracked 
| 130|0x00000000e8200000, 0x00000000e8200000, 0x00000000e8300000|  0%| F|  |TAMS 0x00000000e8200000, 0x00000000e8200000| Untracked 
| 131|0x00000000e8300000, 0x00000000e8300000, 0x00000000e8400000|  0%| F|  |TAMS 0x00000000e8300000, 0x00000000e8300000| Untracked 
| 132|0x00000000e8400000, 0x00000000e8400000, 0x00000000e8500000|  0%| F|  |TAMS 0x00000000e8400000, 0x00000000e8400000| Untracked 
| 133|0x00000000e8500000, 0x00000000e8500000, 0x00000000e8600000|  0%| F|  |TAMS 0x00000000e8500000, 0x00000000e8500000| Untracked 
| 134|0x00000000e8600000, 0x00000000e8600000, 0x00000000e8700000|  0%| F|  |TAMS 0x00000000e8600000, 0x00000000e8600000| Untracked 
| 135|0x00000000e8700000, 0x00000000e8700000, 0x00000000e8800000|  0%| F|  |TAMS 0x00000000e8700000, 0x00000000e8700000| Untracked 
| 136|0x00000000e8800000, 0x00000000e8800000, 0x00000000e8900000|  0%| F|  |TAMS 0x00000000e8800000, 0x00000000e8800000| Untracked 
| 137|0x00000000e8900000, 0x00000000e8900000, 0x00000000e8a00000|  0%| F|  |TAMS 0x00000000e8900000, 0x00000000e8900000| Untracked 
| 138|0x00000000e8a00000, 0x00000000e8a00000, 0x00000000e8b00000|  0%| F|  |TAMS 0x00000000e8a00000, 0x00000000e8a00000| Untracked 
| 139|0x00000000e8b00000, 0x00000000e8b00000, 0x00000000e8c00000|  0%| F|  |TAMS 0x00000000e8b00000, 0x00000000e8b00000| Untracked 
| 140|0x00000000e8c00000, 0x00000000e8c00000, 0x00000000e8d00000|  0%| F|  |TAMS 0x00000000e8c00000, 0x00000000e8c00000| Untracked 
| 141|0x00000000e8d00000, 0x00000000e8d00000, 0x00000000e8e00000|  0%| F|  |TAMS 0x00000000e8d00000, 0x00000000e8d00000| Untracked 
| 142|0x00000000e8e00000, 0x00000000e8e00000, 0x00000000e8f00000|  0%| F|  |TAMS 0x00000000e8e00000, 0x00000000e8e00000| Untracked 
| 143|0x00000000e8f00000, 0x00000000e8f00000, 0x00000000e9000000|  0%| F|  |TAMS 0x00000000e8f00000, 0x00000000e8f00000| Untracked 
| 144|0x00000000e9000000, 0x00000000e9000000, 0x00000000e9100000|  0%| F|  |TAMS 0x00000000e9000000, 0x00000000e9000000| Untracked 
| 145|0x00000000e9100000, 0x00000000e9100000, 0x00000000e9200000|  0%| F|  |TAMS 0x00000000e9100000, 0x00000000e9100000| Untracked 
| 146|0x00000000e9200000, 0x00000000e9200000, 0x00000000e9300000|  0%| F|  |TAMS 0x00000000e9200000, 0x00000000e9200000| Untracked 
| 147|0x00000000e9300000, 0x00000000e9300000, 0x00000000e9400000|  0%| F|  |TAMS 0x00000000e9300000, 0x00000000e9300000| Untracked 
| 148|0x00000000e9400000, 0x00000000e9400000, 0x00000000e9500000|  0%| F|  |TAMS 0x00000000e9400000, 0x00000000e9400000| Untracked 
| 149|0x00000000e9500000, 0x00000000e9500000, 0x00000000e9600000|  0%| F|  |TAMS 0x00000000e9500000, 0x00000000e9500000| Untracked 
| 150|0x00000000e9600000, 0x00000000e9600000, 0x00000000e9700000|  0%| F|  |TAMS 0x00000000e9600000, 0x00000000e9600000| Untracked 
| 151|0x00000000e9700000, 0x00000000e9700000, 0x00000000e9800000|  0%| F|  |TAMS 0x00000000e9700000, 0x00000000e9700000| Untracked 
| 152|0x00000000e9800000, 0x00000000e9800000, 0x00000000e9900000|  0%| F|  |TAMS 0x00000000e9800000, 0x00000000e9800000| Untracked 
| 153|0x00000000e9900000, 0x00000000e9900000, 0x00000000e9a00000|  0%| F|  |TAMS 0x00000000e9900000, 0x00000000e9900000| Untracked 
| 154|0x00000000e9a00000, 0x00000000e9a00000, 0x00000000e9b00000|  0%| F|  |TAMS 0x00000000e9a00000, 0x00000000e9a00000| Untracked 
| 155|0x00000000e9b00000, 0x00000000e9b00000, 0x00000000e9c00000|  0%| F|  |TAMS 0x00000000e9b00000, 0x00000000e9b00000| Untracked 
| 156|0x00000000e9c00000, 0x00000000e9c00000, 0x00000000e9d00000|  0%| F|  |TAMS 0x00000000e9c00000, 0x00000000e9c00000| Untracked 
| 157|0x00000000e9d00000, 0x00000000e9d00000, 0x00000000e9e00000|  0%| F|  |TAMS 0x00000000e9d00000, 0x00000000e9d00000| Untracked 
| 158|0x00000000e9e00000, 0x00000000e9e00000, 0x00000000e9f00000|  0%| F|  |TAMS 0x00000000e9e00000, 0x00000000e9e00000| Untracked 
| 159|0x00000000e9f00000, 0x00000000e9f00000, 0x00000000ea000000|  0%| F|  |TAMS 0x00000000e9f00000, 0x00000000e9f00000| Untracked 
| 160|0x00000000ea000000, 0x00000000ea000000, 0x00000000ea100000|  0%| F|  |TAMS 0x00000000ea000000, 0x00000000ea000000| Untracked 
| 161|0x00000000ea100000, 0x00000000ea100000, 0x00000000ea200000|  0%| F|  |TAMS 0x00000000ea100000, 0x00000000ea100000| Untracked 
| 162|0x00000000ea200000, 0x00000000ea200000, 0x00000000ea300000|  0%| F|  |TAMS 0x00000000ea200000, 0x00000000ea200000| Untracked 
| 163|0x00000000ea300000, 0x00000000ea300000, 0x00000000ea400000|  0%| F|  |TAMS 0x00000000ea300000, 0x00000000ea300000| Untracked 
| 164|0x00000000ea400000, 0x00000000ea400000, 0x00000000ea500000|  0%| F|  |TAMS 0x00000000ea400000, 0x00000000ea400000| Untracked 
| 165|0x00000000ea500000, 0x00000000ea500000, 0x00000000ea600000|  0%| F|  |TAMS 0x00000000ea500000, 0x00000000ea500000| Untracked 
| 166|0x00000000ea600000, 0x00000000ea600000, 0x00000000ea700000|  0%| F|  |TAMS 0x00000000ea600000, 0x00000000ea600000| Untracked 
| 167|0x00000000ea700000, 0x00000000ea700000, 0x00000000ea800000|  0%| F|  |TAMS 0x00000000ea700000, 0x00000000ea700000| Untracked 
| 168|0x00000000ea800000, 0x00000000ea800000, 0x00000000ea900000|  0%| F|  |TAMS 0x00000000ea800000, 0x00000000ea800000| Untracked 
| 169|0x00000000ea900000, 0x00000000ea900000, 0x00000000eaa00000|  0%| F|  |TAMS 0x00000000ea900000, 0x00000000ea900000| Untracked 
| 170|0x00000000eaa00000, 0x00000000eaa00000, 0x00000000eab00000|  0%| F|  |TAMS 0x00000000eaa00000, 0x00000000eaa00000| Untracked 
| 171|0x00000000eab00000, 0x00000000eab00000, 0x00000000eac00000|  0%| F|  |TAMS 0x00000000eab00000, 0x00000000eab00000| Untracked 
| 172|0x00000000eac00000, 0x00000000eac00000, 0x00000000ead00000|  0%| F|  |TAMS 0x00000000eac00000, 0x00000000eac00000| Untracked 
| 173|0x00000000ead00000, 0x00000000ead00000, 0x00000000eae00000|  0%| F|  |TAMS 0x00000000ead00000, 0x00000000ead00000| Untracked 
| 174|0x00000000eae00000, 0x00000000eae00000, 0x00000000eaf00000|  0%| F|  |TAMS 0x00000000eae00000, 0x00000000eae00000| Untracked 
| 175|0x00000000eaf00000, 0x00000000eaf00000, 0x00000000eb000000|  0%| F|  |TAMS 0x00000000eaf00000, 0x00000000eaf00000| Untracked 
| 176|0x00000000eb000000, 0x00000000eb000000, 0x00000000eb100000|  0%| F|  |TAMS 0x00000000eb000000, 0x00000000eb000000| Untracked 
| 177|0x00000000eb100000, 0x00000000eb100000, 0x00000000eb200000|  0%| F|  |TAMS 0x00000000eb100000, 0x00000000eb100000| Untracked 
| 178|0x00000000eb200000, 0x00000000eb200000, 0x00000000eb300000|  0%| F|  |TAMS 0x00000000eb200000, 0x00000000eb200000| Untracked 
| 179|0x00000000eb300000, 0x00000000eb300000, 0x00000000eb400000|  0%| F|  |TAMS 0x00000000eb300000, 0x00000000eb300000| Untracked 
| 180|0x00000000eb400000, 0x00000000eb400000, 0x00000000eb500000|  0%| F|  |TAMS 0x00000000eb400000, 0x00000000eb400000| Untracked 
| 181|0x00000000eb500000, 0x00000000eb500000, 0x00000000eb600000|  0%| F|  |TAMS 0x00000000eb500000, 0x00000000eb500000| Untracked 
| 182|0x00000000eb600000, 0x00000000eb600000, 0x00000000eb700000|  0%| F|  |TAMS 0x00000000eb600000, 0x00000000eb600000| Untracked 
| 183|0x00000000eb700000, 0x00000000eb700000, 0x00000000eb800000|  0%| F|  |TAMS 0x00000000eb700000, 0x00000000eb700000| Untracked 
| 184|0x00000000eb800000, 0x00000000eb800000, 0x00000000eb900000|  0%| F|  |TAMS 0x00000000eb800000, 0x00000000eb800000| Untracked 
| 185|0x00000000eb900000, 0x00000000eb900000, 0x00000000eba00000|  0%| F|  |TAMS 0x00000000eb900000, 0x00000000eb900000| Untracked 
| 186|0x00000000eba00000, 0x00000000eba00000, 0x00000000ebb00000|  0%| F|  |TAMS 0x00000000eba00000, 0x00000000eba00000| Untracked 
| 187|0x00000000ebb00000, 0x00000000ebb00000, 0x00000000ebc00000|  0%| F|  |TAMS 0x00000000ebb00000, 0x00000000ebb00000| Untracked 
| 188|0x00000000ebc00000, 0x00000000ebc00000, 0x00000000ebd00000|  0%| F|  |TAMS 0x00000000ebc00000, 0x00000000ebc00000| Untracked 
| 189|0x00000000ebd00000, 0x00000000ebd00000, 0x00000000ebe00000|  0%| F|  |TAMS 0x00000000ebd00000, 0x00000000ebd00000| Untracked 
| 190|0x00000000ebe00000, 0x00000000ebe00000, 0x00000000ebf00000|  0%| F|  |TAMS 0x00000000ebe00000, 0x00000000ebe00000| Untracked 
| 191|0x00000000ebf00000, 0x00000000ebf00000, 0x00000000ec000000|  0%| F|  |TAMS 0x00000000ebf00000, 0x00000000ebf00000| Untracked 
| 192|0x00000000ec000000, 0x00000000ec000000, 0x00000000ec100000|  0%| F|  |TAMS 0x00000000ec000000, 0x00000000ec000000| Untracked 
| 193|0x00000000ec100000, 0x00000000ec100000, 0x00000000ec200000|  0%| F|  |TAMS 0x00000000ec100000, 0x00000000ec100000| Untracked 
| 194|0x00000000ec200000, 0x00000000ec200000, 0x00000000ec300000|  0%| F|  |TAMS 0x00000000ec200000, 0x00000000ec200000| Untracked 
| 195|0x00000000ec300000, 0x00000000ec300000, 0x00000000ec400000|  0%| F|  |TAMS 0x00000000ec300000, 0x00000000ec300000| Untracked 
| 196|0x00000000ec400000, 0x00000000ec400000, 0x00000000ec500000|  0%| F|  |TAMS 0x00000000ec400000, 0x00000000ec400000| Untracked 
| 197|0x00000000ec500000, 0x00000000ec500000, 0x00000000ec600000|  0%| F|  |TAMS 0x00000000ec500000, 0x00000000ec500000| Untracked 
| 198|0x00000000ec600000, 0x00000000ec600000, 0x00000000ec700000|  0%| F|  |TAMS 0x00000000ec600000, 0x00000000ec600000| Untracked 
| 199|0x00000000ec700000, 0x00000000ec700000, 0x00000000ec800000|  0%| F|  |TAMS 0x00000000ec700000, 0x00000000ec700000| Untracked 
| 200|0x00000000ec800000, 0x00000000ec800000, 0x00000000ec900000|  0%| F|  |TAMS 0x00000000ec800000, 0x00000000ec800000| Untracked 
| 201|0x00000000ec900000, 0x00000000ec900000, 0x00000000eca00000|  0%| F|  |TAMS 0x00000000ec900000, 0x00000000ec900000| Untracked 
| 202|0x00000000eca00000, 0x00000000eca00000, 0x00000000ecb00000|  0%| F|  |TAMS 0x00000000eca00000, 0x00000000eca00000| Untracked 
| 203|0x00000000ecb00000, 0x00000000ecb00000, 0x00000000ecc00000|  0%| F|  |TAMS 0x00000000ecb00000, 0x00000000ecb00000| Untracked 
| 204|0x00000000ecc00000, 0x00000000ecc00000, 0x00000000ecd00000|  0%| F|  |TAMS 0x00000000ecc00000, 0x00000000ecc00000| Untracked 
| 205|0x00000000ecd00000, 0x00000000ecd00000, 0x00000000ece00000|  0%| F|  |TAMS 0x00000000ecd00000, 0x00000000ecd00000| Untracked 
| 206|0x00000000ece00000, 0x00000000ece00000, 0x00000000ecf00000|  0%| F|  |TAMS 0x00000000ece00000, 0x00000000ece00000| Untracked 
| 207|0x00000000ecf00000, 0x00000000ecf00000, 0x00000000ed000000|  0%| F|  |TAMS 0x00000000ecf00000, 0x00000000ecf00000| Untracked 
| 208|0x00000000ed000000, 0x00000000ed000000, 0x00000000ed100000|  0%| F|  |TAMS 0x00000000ed000000, 0x00000000ed000000| Untracked 
| 209|0x00000000ed100000, 0x00000000ed100000, 0x00000000ed200000|  0%| F|  |TAMS 0x00000000ed100000, 0x00000000ed100000| Untracked 
| 210|0x00000000ed200000, 0x00000000ed200000, 0x00000000ed300000|  0%| F|  |TAMS 0x00000000ed200000, 0x00000000ed200000| Untracked 
| 211|0x00000000ed300000, 0x00000000ed300000, 0x00000000ed400000|  0%| F|  |TAMS 0x00000000ed300000, 0x00000000ed300000| Untracked 
| 212|0x00000000ed400000, 0x00000000ed500000, 0x00000000ed500000|100%| E|  |TAMS 0x00000000ed400000, 0x00000000ed400000| Complete 
| 213|0x00000000ed500000, 0x00000000ed5592c8, 0x00000000ed600000| 34%| S|CS|TAMS 0x00000000ed500000, 0x00000000ed500000| Complete 
| 214|0x00000000ed600000, 0x00000000ed700000, 0x00000000ed700000|100%| S|CS|TAMS 0x00000000ed600000, 0x00000000ed600000| Complete 
| 215|0x00000000ed700000, 0x00000000ed800000, 0x00000000ed800000|100%| S|CS|TAMS 0x00000000ed700000, 0x00000000ed700000| Complete 
| 216|0x00000000ed800000, 0x00000000ed900000, 0x00000000ed900000|100%| E|CS|TAMS 0x00000000ed800000, 0x00000000ed800000| Complete 
| 217|0x00000000ed900000, 0x00000000eda00000, 0x00000000eda00000|100%| E|CS|TAMS 0x00000000ed900000, 0x00000000ed900000| Complete 
| 218|0x00000000eda00000, 0x00000000edb00000, 0x00000000edb00000|100%| E|CS|TAMS 0x00000000eda00000, 0x00000000eda00000| Complete 
| 219|0x00000000edb00000, 0x00000000edc00000, 0x00000000edc00000|100%| E|CS|TAMS 0x00000000edb00000, 0x00000000edb00000| Complete 
| 220|0x00000000edc00000, 0x00000000edd00000, 0x00000000edd00000|100%| E|CS|TAMS 0x00000000edc00000, 0x00000000edc00000| Complete 
| 221|0x00000000edd00000, 0x00000000ede00000, 0x00000000ede00000|100%| E|CS|TAMS 0x00000000edd00000, 0x00000000edd00000| Complete 
| 222|0x00000000ede00000, 0x00000000edf00000, 0x00000000edf00000|100%| E|CS|TAMS 0x00000000ede00000, 0x00000000ede00000| Complete 
| 223|0x00000000edf00000, 0x00000000ee000000, 0x00000000ee000000|100%| E|CS|TAMS 0x00000000edf00000, 0x00000000edf00000| Complete 
| 224|0x00000000ee000000, 0x00000000ee100000, 0x00000000ee100000|100%| E|CS|TAMS 0x00000000ee000000, 0x00000000ee000000| Complete 
| 225|0x00000000ee100000, 0x00000000ee200000, 0x00000000ee200000|100%| E|CS|TAMS 0x00000000ee100000, 0x00000000ee100000| Complete 
| 226|0x00000000ee200000, 0x00000000ee300000, 0x00000000ee300000|100%| E|CS|TAMS 0x00000000ee200000, 0x00000000ee200000| Complete 
| 227|0x00000000ee300000, 0x00000000ee400000, 0x00000000ee400000|100%| E|CS|TAMS 0x00000000ee300000, 0x00000000ee300000| Complete 
| 228|0x00000000ee400000, 0x00000000ee500000, 0x00000000ee500000|100%| E|CS|TAMS 0x00000000ee400000, 0x00000000ee400000| Complete 
| 229|0x00000000ee500000, 0x00000000ee600000, 0x00000000ee600000|100%| E|CS|TAMS 0x00000000ee500000, 0x00000000ee500000| Complete 
| 230|0x00000000ee600000, 0x00000000ee700000, 0x00000000ee700000|100%| E|CS|TAMS 0x00000000ee600000, 0x00000000ee600000| Complete 
| 231|0x00000000ee700000, 0x00000000ee800000, 0x00000000ee800000|100%| E|CS|TAMS 0x00000000ee700000, 0x00000000ee700000| Complete 
| 232|0x00000000ee800000, 0x00000000ee900000, 0x00000000ee900000|100%| E|CS|TAMS 0x00000000ee800000, 0x00000000ee800000| Complete 
| 233|0x00000000ee900000, 0x00000000eea00000, 0x00000000eea00000|100%| E|CS|TAMS 0x00000000ee900000, 0x00000000ee900000| Complete 
| 234|0x00000000eea00000, 0x00000000eeb00000, 0x00000000eeb00000|100%| E|CS|TAMS 0x00000000eea00000, 0x00000000eea00000| Complete 
| 235|0x00000000eeb00000, 0x00000000eec00000, 0x00000000eec00000|100%| E|CS|TAMS 0x00000000eeb00000, 0x00000000eeb00000| Complete 
| 236|0x00000000eec00000, 0x00000000eed00000, 0x00000000eed00000|100%| E|CS|TAMS 0x00000000eec00000, 0x00000000eec00000| Complete 
| 237|0x00000000eed00000, 0x00000000eee00000, 0x00000000eee00000|100%| E|CS|TAMS 0x00000000eed00000, 0x00000000eed00000| Complete 
| 238|0x00000000eee00000, 0x00000000eef00000, 0x00000000eef00000|100%| E|CS|TAMS 0x00000000eee00000, 0x00000000eee00000| Complete 
| 239|0x00000000eef00000, 0x00000000ef000000, 0x00000000ef000000|100%| E|CS|TAMS 0x00000000eef00000, 0x00000000eef00000| Complete 
| 240|0x00000000ef000000, 0x00000000ef100000, 0x00000000ef100000|100%| E|CS|TAMS 0x00000000ef000000, 0x00000000ef000000| Complete 
| 241|0x00000000ef100000, 0x00000000ef200000, 0x00000000ef200000|100%| E|CS|TAMS 0x00000000ef100000, 0x00000000ef100000| Complete 
| 242|0x00000000ef200000, 0x00000000ef300000, 0x00000000ef300000|100%| E|CS|TAMS 0x00000000ef200000, 0x00000000ef200000| Complete 
| 243|0x00000000ef300000, 0x00000000ef400000, 0x00000000ef400000|100%| E|CS|TAMS 0x00000000ef300000, 0x00000000ef300000| Complete 
| 244|0x00000000ef400000, 0x00000000ef500000, 0x00000000ef500000|100%| E|CS|TAMS 0x00000000ef400000, 0x00000000ef400000| Complete 
| 245|0x00000000ef500000, 0x00000000ef600000, 0x00000000ef600000|100%| E|CS|TAMS 0x00000000ef500000, 0x00000000ef500000| Complete 
| 246|0x00000000ef600000, 0x00000000ef700000, 0x00000000ef700000|100%| E|CS|TAMS 0x00000000ef600000, 0x00000000ef600000| Complete 
| 247|0x00000000ef700000, 0x00000000ef800000, 0x00000000ef800000|100%| E|CS|TAMS 0x00000000ef700000, 0x00000000ef700000| Complete 
| 248|0x00000000ef800000, 0x00000000ef900000, 0x00000000ef900000|100%| E|CS|TAMS 0x00000000ef800000, 0x00000000ef800000| Complete 
| 249|0x00000000ef900000, 0x00000000efa00000, 0x00000000efa00000|100%| E|CS|TAMS 0x00000000ef900000, 0x00000000ef900000| Complete 
| 250|0x00000000efa00000, 0x00000000efb00000, 0x00000000efb00000|100%| E|CS|TAMS 0x00000000efa00000, 0x00000000efa00000| Complete 
| 251|0x00000000efb00000, 0x00000000efc00000, 0x00000000efc00000|100%| E|CS|TAMS 0x00000000efb00000, 0x00000000efb00000| Complete 
| 252|0x00000000efc00000, 0x00000000efd00000, 0x00000000efd00000|100%| E|CS|TAMS 0x00000000efc00000, 0x00000000efc00000| Complete 
| 253|0x00000000efd00000, 0x00000000efe00000, 0x00000000efe00000|100%| E|CS|TAMS 0x00000000efd00000, 0x00000000efd00000| Complete 
| 254|0x00000000efe00000, 0x00000000eff00000, 0x00000000eff00000|100%| E|CS|TAMS 0x00000000efe00000, 0x00000000efe00000| Complete 
| 255|0x00000000eff00000, 0x00000000f0000000, 0x00000000f0000000|100%| E|CS|TAMS 0x00000000eff00000, 0x00000000eff00000| Complete 

Card table byte_map: [0x000001b479de0000,0x000001b479ee0000] _byte_map_base: 0x000001b4796e0000

Marking Bits (Prev, Next): (CMBitMap*) 0x000001b479929f50, (CMBitMap*) 0x000001b479929f90
 Prev Bits: [0x000001b479fe0000, 0x000001b47a7e0000)
 Next Bits: [0x000001b47a7e0000, 0x000001b47afe0000)

Polling page: 0x000001b477860000

Metaspace:

Usage:
  Non-class:     10.13 MB used.
      Class:      1.41 MB used.
       Both:     11.54 MB used.

Virtual space:
  Non-class space:       16.00 MB reserved,      10.19 MB ( 64%) committed,  2 nodes.
      Class space:        1.00 GB reserved,       1.50 MB ( <1%) committed,  1 nodes.
             Both:        1.02 GB reserved,      11.69 MB (  1%) committed. 

Chunk freelists:
   Non-Class:  1.81 MB
       Class:  2.47 MB
        Both:  4.22 MB

MaxMetaspaceSize: unlimited
CompressedClassSpaceSize: 1.00 GB
Initial GC threshold: 21.00 MB
Current GC threshold: 21.00 MB
CDS: on
MetaspaceReclaimPolicy: balanced
 - commit_granule_bytes: 65536.
 - commit_granule_words: 8192.
 - virtual_space_node_default_size: 1048576.
 - enlarge_chunks_in_place: 1.
 - new_chunks_are_fully_committed: 0.
 - uncommit_free_chunks: 1.
 - use_allocation_guard: 0.
 - handle_deallocations: 1.


Internal statistics:

num_allocs_failed_limit: 0.
num_arena_births: 162.
num_arena_deaths: 0.
num_vsnodes_births: 3.
num_vsnodes_deaths: 0.
num_space_committed: 188.
num_space_uncommitted: 0.
num_chunks_returned_to_freelist: 0.
num_chunks_taken_from_freelist: 514.
num_chunk_merges: 0.
num_chunk_splits: 291.
num_chunks_enlarged: 186.
num_purges: 0.
num_inconsistent_stats: 0.

CodeHeap 'non-profiled nmethods': size=120000Kb used=1551Kb max_used=1551Kb free=118448Kb
 bounds [0x000001b40f240000, 0x000001b40f4b0000, 0x000001b416770000]
CodeHeap 'profiled nmethods': size=120000Kb used=5394Kb max_used=5394Kb free=114605Kb
 bounds [0x000001b407d10000, 0x000001b408260000, 0x000001b40f240000]
CodeHeap 'non-nmethods': size=5760Kb used=1173Kb max_used=1237Kb free=4586Kb
 bounds [0x000001b407770000, 0x000001b4079e0000, 0x000001b407d10000]
 total_blobs=2968 nmethods=2505 adapters=375
 compilation: enabled
              stopped_count=0, restarted_count=0
 full_count=0

Compilation events (20 events):
Event: 2.213 Thread 0x000001b47e6f0ec0 2510       4       org.jetbrains.coverage.org.objectweb.asm.tree.InsnNode::accept (14 bytes)
Event: 2.230 Thread 0x000001b47e6f0ec0 nmethod 2510 0x000001b40f3bde10 code [0x000001b40f3be000, 0x000001b40f3bead8]
Event: 2.230 Thread 0x000001b47e6f0ec0 2518       4       org.jetbrains.coverage.org.objectweb.asm.tree.LabelNode::accept (9 bytes)
Event: 2.231 Thread 0x000001b47e6f0ec0 nmethod 2518 0x000001b40f3bf190 code [0x000001b40f3bf320, 0x000001b40f3bf428]
Event: 2.231 Thread 0x000001b47e6f0ec0 2516       4       org.jetbrains.coverage.org.objectweb.asm.tree.MethodInsnNode::accept (30 bytes)
Event: 2.232 Thread 0x000001b47e6f0ec0 nmethod 2516 0x000001b40f3bf590 code [0x000001b40f3bf720, 0x000001b40f3bf8d8]
Event: 2.232 Thread 0x000001b47e6f0ec0 2517       4       com.intellij.rt.coverage.instrumentation.util.LinesUtil::calcLineArray (55 bytes)
Event: 2.266 Thread 0x000001b47e6f0ec0 nmethod 2517 0x000001b40f3bfa90 code [0x000001b40f3bfcc0, 0x000001b40f3c1418]
Event: 2.266 Thread 0x000001b47e6f0ec0 2508       4       java.util.HashMap::clear (50 bytes)
Event: 2.270 Thread 0x000001b47e6f0ec0 nmethod 2508 0x000001b40f3c1f90 code [0x000001b40f3c2100, 0x000001b40f3c2398]
Event: 2.270 Thread 0x000001b47e6f0ec0 2519       4       org.jetbrains.coverage.org.objectweb.asm.ClassVisitor::visitInnerClass (20 bytes)
Event: 2.271 Thread 0x000001b47e6f0ec0 nmethod 2519 0x000001b40f3c2490 code [0x000001b40f3c2600, 0x000001b40f3c2698]
Event: 2.271 Thread 0x000001b47e6f0ec0 2496       4       org.jetbrains.coverage.org.objectweb.asm.MethodWriter::visitFrameEnd (53 bytes)
Event: 2.274 Thread 0x000001b47e6f0ec0 nmethod 2496 0x000001b40f3c2790 code [0x000001b40f3c2920, 0x000001b40f3c2d48]
Event: 2.274 Thread 0x000001b47e6f0ec0 2511       4       java.lang.String::checkBoundsBeginEnd (63 bytes)
Event: 2.274 Thread 0x000001b47e6f0ec0 nmethod 2511 0x000001b40f3c2e90 code [0x000001b40f3c3000, 0x000001b40f3c30b8]
Event: 2.275 Thread 0x000001b47e6f0ec0 2503       4       com.intellij.rt.coverage.instrumentation.filters.branches.BooleanOperatorFilter::visitFieldInsn (15 bytes)
Event: 2.275 Thread 0x000001b47e6f0ec0 nmethod 2503 0x000001b40f3c3190 code [0x000001b40f3c3300, 0x000001b40f3c33d8]
Event: 2.275 Thread 0x000001b47e6f0ec0 2505       4       com.intellij.rt.coverage.instrumentation.filters.lines.ClosingBracesFilter::visitFieldInsn (50 bytes)
Event: 2.277 Thread 0x000001b47e6f0ec0 nmethod 2505 0x000001b40f3c3510 code [0x000001b40f3c36a0, 0x000001b40f3c3958]

GC Heap History (6 events):
Event: 0.651 GC heap before
{Heap before GC invocations=0 (full 0):
 garbage-first heap   total 262144K, used 23552K [0x00000000e0000000, 0x0000000100000000)
  region size 1024K, 23 young (23552K), 0 survivors (0K)
 Metaspace       used 3329K, committed 3456K, reserved 1056768K
  class space    used 302K, committed 384K, reserved 1048576K
}
Event: 0.656 GC heap after
{Heap after GC invocations=1 (full 0):
 garbage-first heap   total 262144K, used 8449K [0x00000000e0000000, 0x0000000100000000)
  region size 1024K, 3 young (3072K), 3 survivors (3072K)
 Metaspace       used 3329K, committed 3456K, reserved 1056768K
  class space    used 302K, committed 384K, reserved 1048576K
}
Event: 1.050 GC heap before
{Heap before GC invocations=1 (full 0):
 garbage-first heap   total 262144K, used 36097K [0x00000000e0000000, 0x0000000100000000)
  region size 1024K, 29 young (29696K), 3 survivors (3072K)
 Metaspace       used 6200K, committed 6400K, reserved 1056768K
  class space    used 671K, committed 768K, reserved 1048576K
}
Event: 1.054 GC heap after
{Heap after GC invocations=2 (full 0):
 garbage-first heap   total 262144K, used 11294K [0x00000000e0000000, 0x0000000100000000)
  region size 1024K, 3 young (3072K), 3 survivors (3072K)
 Metaspace       used 6200K, committed 6400K, reserved 1056768K
  class space    used 671K, committed 768K, reserved 1048576K
}
Event: 1.587 GC heap before
{Heap before GC invocations=2 (full 0):
 garbage-first heap   total 262144K, used 49182K [0x00000000e0000000, 0x0000000100000000)
  region size 1024K, 40 young (40960K), 3 survivors (3072K)
 Metaspace       used 8870K, committed 9152K, reserved 1064960K
  class space    used 996K, committed 1152K, reserved 1048576K
}
Event: 1.592 GC heap after
{Heap after GC invocations=3 (full 0):
 garbage-first heap   total 262144K, used 13704K [0x00000000e0000000, 0x0000000100000000)
  region size 1024K, 3 young (3072K), 3 survivors (3072K)
 Metaspace       used 8870K, committed 9152K, reserved 1064960K
  class space    used 996K, committed 1152K, reserved 1048576K
}

Deoptimization events (20 events):
Event: 2.209 Thread 0x000001b4798fb210 DEOPT PACKING pc=0x000001b40f3af610 sp=0x0000007c2a2f6260
Event: 2.209 Thread 0x000001b4798fb210 DEOPT UNPACKING pc=0x000001b4077c23a3 sp=0x0000007c2a2f61e8 mode 2
Event: 2.209 Thread 0x000001b4798fb210 Uncommon trap: trap_request=0xffffffde fr.pc=0x000001b40f325b94 relative=0x0000000000000074
Event: 2.209 Thread 0x000001b4798fb210 Uncommon trap: reason=class_check action=maybe_recompile pc=0x000001b40f325b94 method=org.jetbrains.coverage.org.objectweb.asm.tree.LabelNode.accept(Lorg/jetbrains/coverage/org/objectweb/asm/MethodVisitor;)V @ 5 c2
Event: 2.209 Thread 0x000001b4798fb210 DEOPT PACKING pc=0x000001b40f325b94 sp=0x0000007c2a2f6280
Event: 2.209 Thread 0x000001b4798fb210 DEOPT UNPACKING pc=0x000001b4077c23a3 sp=0x0000007c2a2f6208 mode 2
Event: 2.209 Thread 0x000001b4798fb210 Uncommon trap: trap_request=0xffffffde fr.pc=0x000001b40f325b94 relative=0x0000000000000074
Event: 2.209 Thread 0x000001b4798fb210 Uncommon trap: reason=class_check action=maybe_recompile pc=0x000001b40f325b94 method=org.jetbrains.coverage.org.objectweb.asm.tree.LabelNode.accept(Lorg/jetbrains/coverage/org/objectweb/asm/MethodVisitor;)V @ 5 c2
Event: 2.209 Thread 0x000001b4798fb210 DEOPT PACKING pc=0x000001b40f325b94 sp=0x0000007c2a2f6280
Event: 2.209 Thread 0x000001b4798fb210 DEOPT UNPACKING pc=0x000001b4077c23a3 sp=0x0000007c2a2f6208 mode 2
Event: 2.209 Thread 0x000001b4798fb210 Uncommon trap: trap_request=0xffffffde fr.pc=0x000001b40f3af610 relative=0x00000000000000f0
Event: 2.209 Thread 0x000001b4798fb210 Uncommon trap: reason=class_check action=maybe_recompile pc=0x000001b40f3af610 method=org.jetbrains.coverage.org.objectweb.asm.tree.MethodInsnNode.accept(Lorg/jetbrains/coverage/org/objectweb/asm/MethodVisitor;)V @ 21 c2
Event: 2.209 Thread 0x000001b4798fb210 DEOPT PACKING pc=0x000001b40f3af610 sp=0x0000007c2a2f6260
Event: 2.209 Thread 0x000001b4798fb210 DEOPT UNPACKING pc=0x000001b4077c23a3 sp=0x0000007c2a2f61e8 mode 2
Event: 2.209 Thread 0x000001b4798fb210 Uncommon trap: trap_request=0xffffffde fr.pc=0x000001b40f3af610 relative=0x00000000000000f0
Event: 2.209 Thread 0x000001b4798fb210 Uncommon trap: reason=class_check action=maybe_recompile pc=0x000001b40f3af610 method=org.jetbrains.coverage.org.objectweb.asm.tree.MethodInsnNode.accept(Lorg/jetbrains/coverage/org/objectweb/asm/MethodVisitor;)V @ 21 c2
Event: 2.209 Thread 0x000001b4798fb210 DEOPT PACKING pc=0x000001b40f3af610 sp=0x0000007c2a2f6260
Event: 2.209 Thread 0x000001b4798fb210 DEOPT UNPACKING pc=0x000001b4077c23a3 sp=0x0000007c2a2f61e8 mode 2
Event: 2.211 Thread 0x000001b4798fb210 DEOPT PACKING pc=0x000001b407fb49f1 sp=0x0000007c2a2f5890
Event: 2.211 Thread 0x000001b4798fb210 DEOPT UNPACKING pc=0x000001b4077c2b43 sp=0x0000007c2a2f4d70 mode 0

Classes unloaded (0 events):
No events

Classes redefined (0 events):
No events

Internal exceptions (20 events):
Event: 1.783 Thread 0x000001b4798fb210 Exception <a 'java/lang/NoSuchMethodError'{0x00000000ef22ef88}: 'void java.lang.invoke.DirectMethodHandle$Holder.invokeInterface(java.lang.Object, java.lang.Object, java.lang.Object, java.lang.Object)'> (0x00000000ef22ef88) 
thrown [t:\workspace\open\src\hotspot\share\interpreter\linkResolver.cpp, line 766]
Event: 1.783 Thread 0x000001b4798fb210 Exception <a 'java/lang/IncompatibleClassChangeError'{0x00000000ef232b58}: Found class java.lang.Object, but interface was expected> (0x00000000ef232b58) 
thrown [t:\workspace\open\src\hotspot\share\interpreter\linkResolver.cpp, line 833]
Event: 1.789 Thread 0x000001b4798fb210 Exception <a 'java/lang/NoSuchMethodError'{0x00000000ef293de0}: 'void java.lang.invoke.DirectMethodHandle$Holder.invokeStatic(java.lang.Object, java.lang.Object, java.lang.Object, java.lang.Object)'> (0x00000000ef293de0) 
thrown [t:\workspace\open\src\hotspot\share\interpreter\linkResolver.cpp, line 766]
Event: 1.816 Thread 0x000001b4798fb210 Exception <a 'java/lang/NoSuchMethodError'{0x00000000eef1a3d8}: 'java.lang.Object java.lang.invoke.Invokers$Holder.invokeExact_MT(java.lang.Object, java.lang.Object, java.lang.Object, java.lang.Object, java.lang.Object, java.lang.Object)'> (0x00000000eef1a3d8) 
thrown [t:\workspace\open\src\hotspot\share\interpreter\linkResolver.cpp, line 766]
Event: 1.818 Thread 0x000001b4798fb210 Exception <a 'java/lang/NoSuchMethodError'{0x00000000eef2a528}: 'int java.lang.invoke.DirectMethodHandle$Holder.invokeStatic(java.lang.Object, java.lang.Object, java.lang.Object, java.lang.Object, java.lang.Object)'> (0x00000000eef2a528) 
thrown [t:\workspace\open\src\hotspot\share\interpreter\linkResolver.cpp, line 766]
Event: 1.834 Thread 0x000001b4798fb210 Exception <a 'java/lang/NoSuchMethodError'{0x00000000eee419d8}: 'void java.lang.invoke.DirectMethodHandle$Holder.invokeStaticInit(java.lang.Object)'> (0x00000000eee419d8) 
thrown [t:\workspace\open\src\hotspot\share\interpreter\linkResolver.cpp, line 766]
Event: 1.875 Thread 0x000001b4798fb210 Exception <a 'java/lang/NoSuchMethodError'{0x00000000eeaf7070}: 'void java.lang.invoke.DirectMethodHandle$Holder.invokeStaticInit(java.lang.Object, java.lang.Object, java.lang.Object, java.lang.Object)'> (0x00000000eeaf7070) 
thrown [t:\workspace\open\src\hotspot\share\interpreter\linkResolver.cpp, line 766]
Event: 1.893 Thread 0x000001b4798fb210 Exception <a 'java/lang/NoSuchMethodError'{0x00000000ee862fb8}: 'int java.lang.invoke.DirectMethodHandle$Holder.invokeStaticInit(java.lang.Object, java.lang.Object)'> (0x00000000ee862fb8) 
thrown [t:\workspace\open\src\hotspot\share\interpreter\linkResolver.cpp, line 766]
Event: 1.973 Thread 0x000001b4798fb210 Exception <a 'java/lang/NoSuchMethodError'{0x00000000ee5e1d10}: 'java.lang.Object java.lang.invoke.DirectMethodHandle$Holder.newInvokeSpecial(java.lang.Object, java.lang.Object, int)'> (0x00000000ee5e1d10) 
thrown [t:\workspace\open\src\hotspot\share\interpreter\linkResolver.cpp, line 766]
Event: 2.003 Thread 0x000001b4798fb210 Exception <a 'java/lang/NoSuchMethodError'{0x00000000ee3699a0}: 'java.lang.Object java.lang.invoke.DirectMethodHandle$Holder.invokeInterface(java.lang.Object, java.lang.Object, java.lang.Object, java.lang.Object, java.lang.Object)'> (0x00000000ee3699a0) 
thrown [t:\workspace\open\src\hotspot\share\interpreter\linkResolver.cpp, line 766]
Event: 2.003 Thread 0x000001b4798fb210 Exception <a 'java/lang/IncompatibleClassChangeError'{0x00000000ee36d4b0}: Found class java.lang.Object, but interface was expected> (0x00000000ee36d4b0) 
thrown [t:\workspace\open\src\hotspot\share\interpreter\linkResolver.cpp, line 833]
Event: 2.022 Thread 0x000001b4798fb210 Exception <a 'java/lang/IncompatibleClassChangeError'{0x00000000ee28d848}: Found class java.lang.Object, but interface was expected> (0x00000000ee28d848) 
thrown [t:\workspace\open\src\hotspot\share\interpreter\linkResolver.cpp, line 833]
Event: 2.092 Thread 0x000001b4798fb210 Exception <a 'java/lang/reflect/InvocationTargetException'{0x00000000eddae710}> (0x00000000eddae710) 
thrown [t:\workspace\open\src\hotspot\share\runtime\reflection.cpp, line 1121]
Event: 2.093 Thread 0x000001b4798fb210 Exception <a 'java/lang/NoSuchMethodError'{0x00000000eddb8ab8}: 'java.lang.Object java.lang.invoke.DirectMethodHandle$Holder.invokeStaticInit(java.lang.Object, java.lang.Object, long, java.lang.Object)'> (0x00000000eddb8ab8) 
thrown [t:\workspace\open\src\hotspot\share\interpreter\linkResolver.cpp, line 766]
Event: 2.094 Thread 0x000001b4798fb210 Exception <a 'java/lang/NoSuchMethodError'{0x00000000eddbfa58}: 'java.lang.Object java.lang.invoke.DirectMethodHandle$Holder.newInvokeSpecial(java.lang.Object, java.lang.Object, long)'> (0x00000000eddbfa58) 
thrown [t:\workspace\open\src\hotspot\share\interpreter\linkResolver.cpp, line 766]
Event: 2.094 Thread 0x000001b4798fb210 Exception <a 'java/lang/NoSuchMethodError'{0x00000000eddc4540}: 'java.lang.Object java.lang.invoke.Invokers$Holder.linkToTargetMethod(java.lang.Object, long, java.lang.Object)'> (0x00000000eddc4540) 
thrown [t:\workspace\open\src\hotspot\share\interpreter\linkResolver.cpp, line 766]
Event: 2.107 Thread 0x000001b4798fb210 Exception <a 'java/lang/NoSuchMethodError'{0x00000000edc6b610}: 'void java.lang.invoke.DirectMethodHandle$Holder.invokeStatic(java.lang.Object, long)'> (0x00000000edc6b610) 
thrown [t:\workspace\open\src\hotspot\share\interpreter\linkResolver.cpp, line 766]
Event: 2.108 Thread 0x000001b4798fb210 Exception <a 'java/lang/NoSuchMethodError'{0x00000000edc71650}: 'java.lang.Object java.lang.invoke.DirectMethodHandle$Holder.newInvokeSpecial(java.lang.Object, long)'> (0x00000000edc71650) 
thrown [t:\workspace\open\src\hotspot\share\interpreter\linkResolver.cpp, line 766]
Event: 2.198 Thread 0x000001b4798fb210 Exception <a 'java/lang/reflect/InvocationTargetException'{0x00000000eda28550}> (0x00000000eda28550) 
thrown [t:\workspace\open\src\hotspot\share\runtime\reflection.cpp, line 1121]
Event: 2.225 Thread 0x000001b4798fb210 Exception <a 'java/lang/reflect/InvocationTargetException'{0x00000000ed86ab50}> (0x00000000ed86ab50) 
thrown [t:\workspace\open\src\hotspot\share\runtime\reflection.cpp, line 1121]

VM Operations (20 events):
Event: 1.050 Executing VM operation: G1CollectForAllocation
Event: 1.054 Executing VM operation: G1CollectForAllocation done
Event: 1.112 Executing VM operation: HandshakeAllThreads
Event: 1.112 Executing VM operation: HandshakeAllThreads done
Event: 1.195 Executing VM operation: HandshakeAllThreads
Event: 1.195 Executing VM operation: HandshakeAllThreads done
Event: 1.257 Executing VM operation: ICBufferFull
Event: 1.257 Executing VM operation: ICBufferFull done
Event: 1.587 Executing VM operation: G1CollectForAllocation
Event: 1.592 Executing VM operation: G1CollectForAllocation done
Event: 1.599 Executing VM operation: HandshakeAllThreads
Event: 1.599 Executing VM operation: HandshakeAllThreads done
Event: 1.910 Executing VM operation: HandshakeAllThreads
Event: 1.910 Executing VM operation: HandshakeAllThreads done
Event: 1.912 Executing VM operation: ICBufferFull
Event: 1.913 Executing VM operation: ICBufferFull done
Event: 2.010 Executing VM operation: HandshakeAllThreads
Event: 2.010 Executing VM operation: HandshakeAllThreads done
Event: 2.100 Executing VM operation: ICBufferFull
Event: 2.100 Executing VM operation: ICBufferFull done

Events (20 events):
Event: 2.212 loading class net/bytebuddy/ClassFileVersion$VersionLocator
Event: 2.212 loading class net/bytebuddy/ClassFileVersion$VersionLocator done
Event: 2.213 loading class net/bytebuddy/ClassFileVersion$VersionLocator$Resolved
Event: 2.213 loading class net/bytebuddy/ClassFileVersion$VersionLocator$Resolved done
Event: 2.214 loading class org/mockito/internal/util/reflection/InstrumentationMemberAccessor
Event: 2.214 loading class org/mockito/internal/util/reflection/InstrumentationMemberAccessor done
Event: 2.217 loading class net/bytebuddy/matcher/ElementMatcher
Event: 2.217 loading class net/bytebuddy/matcher/ElementMatcher done
Event: 2.218 loading class net/bytebuddy/implementation/Implementation
Event: 2.218 loading class net/bytebuddy/implementation/Implementation done
Event: 2.218 loading class net/bytebuddy/dynamic/scaffold/InstrumentedType$Prepareable
Event: 2.218 loading class net/bytebuddy/dynamic/scaffold/InstrumentedType$Prepareable done
Event: 2.218 loading class net/bytebuddy/implementation/MethodCall
Event: 2.218 loading class net/bytebuddy/implementation/MethodCall done
Event: 2.221 loading class net/bytebuddy/implementation/Implementation$Composable
Event: 2.221 loading class net/bytebuddy/implementation/Implementation$Composable done
Event: 2.222 loading class net/bytebuddy/implementation/MethodCall$WithoutSpecifiedTarget
Event: 2.222 loading class net/bytebuddy/implementation/MethodCall$WithoutSpecifiedTarget done
Event: 2.224 loading class net/bytebuddy/dynamic/loading/ClassLoadingStrategy
Event: 2.224 loading class net/bytebuddy/dynamic/loading/ClassLoadingStrategy done


Dynamic libraries:
0x00007ff741af0000 - 0x00007ff741afe000 	C:\Program Files\Java\jdk-17.0.2\bin\java.exe
0x00007ffc3a4d0000 - 0x00007ffc3a6c8000 	C:\WINDOWS\SYSTEM32\ntdll.dll
0x00007ffc387f0000 - 0x00007ffc388ad000 	C:\WINDOWS\System32\KERNEL32.DLL
0x00007ffc37d30000 - 0x00007ffc38026000 	C:\WINDOWS\System32\KERNELBASE.dll
0x00007ffc38340000 - 0x00007ffc38440000 	C:\WINDOWS\System32\ucrtbase.dll
0x00007ffc136d0000 - 0x00007ffc136e8000 	C:\Program Files\Java\jdk-17.0.2\bin\jli.dll
0x00007ffc13940000 - 0x00007ffc1395a000 	C:\Program Files\Java\jdk-17.0.2\bin\VCRUNTIME140.dll
0x00007ffc39ae0000 - 0x00007ffc39c7f000 	C:\WINDOWS\System32\USER32.dll
0x00007ffc38310000 - 0x00007ffc38332000 	C:\WINDOWS\System32\win32u.dll
0x00007ffc239a0000 - 0x00007ffc23c3a000 	C:\WINDOWS\WinSxS\amd64_microsoft.windows.common-controls_6595b64144ccf1df_6.0.19041.4355_none_60b8b9eb71f62e16\COMCTL32.dll
0x00007ffc38b70000 - 0x00007ffc38b9b000 	C:\WINDOWS\System32\GDI32.dll
0x00007ffc39e20000 - 0x00007ffc39ebe000 	C:\WINDOWS\System32\msvcrt.dll
0x00007ffc38030000 - 0x00007ffc38147000 	C:\WINDOWS\System32\gdi32full.dll
0x00007ffc38150000 - 0x00007ffc381ed000 	C:\WINDOWS\System32\msvcp_win.dll
0x00007ffc38a80000 - 0x00007ffc38ab2000 	C:\WINDOWS\System32\IMM32.DLL
0x00007ffc23460000 - 0x00007ffc2346c000 	C:\Program Files\Java\jdk-17.0.2\bin\vcruntime140_1.dll
0x00007ffbfd790000 - 0x00007ffbfd81d000 	C:\Program Files\Java\jdk-17.0.2\bin\msvcp140.dll
0x00007ffbd7600000 - 0x00007ffbd81c1000 	C:\Program Files\Java\jdk-17.0.2\bin\server\jvm.dll
0x00007ffc39d10000 - 0x00007ffc39dc0000 	C:\WINDOWS\System32\ADVAPI32.dll
0x00007ffc389e0000 - 0x00007ffc38a80000 	C:\WINDOWS\System32\sechost.dll
0x00007ffc386c0000 - 0x00007ffc387e3000 	C:\WINDOWS\System32\RPCRT4.dll
0x00007ffc38440000 - 0x00007ffc38467000 	C:\WINDOWS\System32\bcrypt.dll
0x00007ffc3a420000 - 0x00007ffc3a428000 	C:\WINDOWS\System32\PSAPI.DLL
0x00007ffc1ee30000 - 0x00007ffc1ee39000 	C:\WINDOWS\SYSTEM32\WSOCK32.dll
0x00007ffc2bc30000 - 0x00007ffc2bc57000 	C:\WINDOWS\SYSTEM32\WINMM.dll
0x00007ffc3a290000 - 0x00007ffc3a2fb000 	C:\WINDOWS\System32\WS2_32.dll
0x00007ffc2f8d0000 - 0x00007ffc2f8da000 	C:\WINDOWS\SYSTEM32\VERSION.dll
0x00007ffc359c0000 - 0x00007ffc359d2000 	C:\WINDOWS\SYSTEM32\kernel.appcore.dll
0x00007ffc225f0000 - 0x00007ffc225fa000 	C:\Program Files\Java\jdk-17.0.2\bin\jimage.dll
0x00007ffc2ca00000 - 0x00007ffc2cbe4000 	C:\WINDOWS\SYSTEM32\DBGHELP.DLL
0x00007ffc20fa0000 - 0x00007ffc20fd4000 	C:\WINDOWS\SYSTEM32\dbgcore.DLL
0x00007ffc38470000 - 0x00007ffc384f2000 	C:\WINDOWS\System32\bcryptPrimitives.dll
0x00007ffc35320000 - 0x00007ffc3532e000 	C:\Program Files\Java\jdk-17.0.2\bin\instrument.dll
0x00007ffc099d0000 - 0x00007ffc099f5000 	C:\Program Files\Java\jdk-17.0.2\bin\java.dll
0x00007ffc12680000 - 0x00007ffc12698000 	C:\Program Files\Java\jdk-17.0.2\bin\zip.dll
0x00007ffbfd6b0000 - 0x00007ffbfd786000 	C:\Program Files\Java\jdk-17.0.2\bin\jsvml.dll
0x00007ffc39010000 - 0x00007ffc3977b000 	C:\WINDOWS\System32\SHELL32.dll
0x00007ffc35bc0000 - 0x00007ffc3635d000 	C:\WINDOWS\SYSTEM32\windows.storage.dll
0x00007ffc39780000 - 0x00007ffc39ad3000 	C:\WINDOWS\System32\combase.dll
0x00007ffc374c0000 - 0x00007ffc374ee000 	C:\WINDOWS\SYSTEM32\Wldp.dll
0x00007ffc385f0000 - 0x00007ffc386bd000 	C:\WINDOWS\System32\OLEAUT32.dll
0x00007ffc38ac0000 - 0x00007ffc38b6d000 	C:\WINDOWS\System32\SHCORE.dll
0x00007ffc39dc0000 - 0x00007ffc39e15000 	C:\WINDOWS\System32\shlwapi.dll
0x00007ffc37ab0000 - 0x00007ffc37ad4000 	C:\WINDOWS\SYSTEM32\profapi.dll
0x00007ffc0f630000 - 0x00007ffc0f649000 	C:\Program Files\Java\jdk-17.0.2\bin\net.dll
0x00007ffc2fc00000 - 0x00007ffc2fd0a000 	C:\WINDOWS\SYSTEM32\WINHTTP.dll
0x00007ffc372a0000 - 0x00007ffc3730a000 	C:\WINDOWS\system32\mswsock.dll
0x00007ffc0d760000 - 0x00007ffc0d776000 	C:\Program Files\Java\jdk-17.0.2\bin\nio.dll
0x00007ffc1e9f0000 - 0x00007ffc1ea00000 	C:\Program Files\Java\jdk-17.0.2\bin\verify.dll
0x00007ffc19290000 - 0x00007ffc1929e000 	C:\Program Files\Java\jdk-17.0.2\bin\sunmscapi.dll
0x00007ffc37b80000 - 0x00007ffc37cde000 	C:\WINDOWS\System32\CRYPT32.dll
0x00007ffc37610000 - 0x00007ffc37639000 	C:\WINDOWS\SYSTEM32\ncrypt.dll
0x00007ffc375d0000 - 0x00007ffc3760b000 	C:\WINDOWS\SYSTEM32\NTASN1.dll
0x00007ffc32630000 - 0x00007ffc32637000 	C:\WINDOWS\system32\wshunix.dll
0x00007ffc37500000 - 0x00007ffc37518000 	C:\WINDOWS\SYSTEM32\CRYPTSP.dll
0x00007ffc36b70000 - 0x00007ffc36ba4000 	C:\WINDOWS\system32\rsaenh.dll
0x00007ffc37a20000 - 0x00007ffc37a4e000 	C:\WINDOWS\SYSTEM32\USERENV.dll
0x00007ffc37430000 - 0x00007ffc3743c000 	C:\WINDOWS\SYSTEM32\CRYPTBASE.dll
0x00007ffc36f50000 - 0x00007ffc36f8b000 	C:\WINDOWS\SYSTEM32\IPHLPAPI.DLL
0x00007ffc38500000 - 0x00007ffc38508000 	C:\WINDOWS\System32\NSI.dll
0x00007ffc30610000 - 0x00007ffc30627000 	C:\WINDOWS\SYSTEM32\dhcpcsvc6.DLL
0x00007ffc305f0000 - 0x00007ffc3060d000 	C:\WINDOWS\SYSTEM32\dhcpcsvc.DLL
0x00007ffc36fa0000 - 0x00007ffc3706b000 	C:\WINDOWS\SYSTEM32\DNSAPI.dll

dbghelp: loaded successfully - version: 4.0.5 - missing functions: none
symbol engine: initialized successfully - sym options: 0x614 - pdb path: .;C:\Program Files\Java\jdk-17.0.2\bin;C:\WINDOWS\SYSTEM32;C:\WINDOWS\WinSxS\amd64_microsoft.windows.common-controls_6595b64144ccf1df_6.0.19041.4355_none_60b8b9eb71f62e16;C:\Program Files\Java\jdk-17.0.2\bin\server

VM Arguments:
jvm_args: -Didea.coverage.calculate.hits=true -Dorg.gradle.internal.worker.tmpdir=C:\Users\Fabi Windows\Desktop\Universidad\Semestre 02-2025\Tingeso\Backend\demo\build\tmp\test\work --add-opens=java.base/java.lang=ALL-UNNAMED -javaagent:C:\Users\FABIWI~1\AppData\Local\Temp\testAgent1jars\intellij-coverage-agent-1.0.744.jar=C:\Users\FABIWI~1\AppData\Local\Temp\coverage1args -Xmx512m -Dfile.encoding=windows-1252 -Duser.country=US -Duser.language=en -Duser.variant -ea 
java_command: worker.org.gradle.process.internal.worker.GradleWorkerMain 'Gradle Test Executor 3'
java_class_path (initial): C:\Users\Fabi Windows\.gradle\caches\8.14.3\workerMain\gradle-worker.jar;C:\Users\Fabi Windows\Desktop\Universidad\Semestre 02-2025\Tingeso\Backend\demo\build\classes\java\test;C:\Users\Fabi Windows\Desktop\Universidad\Semestre 02-2025\Tingeso\Backend\demo\build\classes\java\main;C:\Users\Fabi Windows\Desktop\Universidad\Semestre 02-2025\Tingeso\Backend\demo\build\resources\main;C:\Users\Fabi Windows\.gradle\caches\modules-2\files-2.1\org.springframework.boot\spring-boot-starter-data-jpa\3.5.4\866e11ae6a920a20a766a903693a9efbec83d388\spring-boot-starter-data-jpa-3.5.4.jar;C:\Users\Fabi Windows\.gradle\caches\modules-2\files-2.1\org.hibernate.orm\hibernate-core\6.2.6.Final\9c4586a4a2dc721439ee454d5c858c1235b6ecba\hibernate-core-6.2.6.Final.jar;C:\Users\Fabi Windows\.gradle\caches\modules-2\files-2.1\org.keycloak\keycloak-spring-boot-starter\20.0.3\5c0983e5304de016081d59f323ee7a92026acdcd\keycloak-spring-boot-starter-20.0.3.jar;C:\Users\Fabi Windows\.gradle\caches\modules-2\files-2.1\org.keycloak\keycloak-spring-boot-2-adapter\20.0.3\c8e36ab5cc04e024b4584646f70f18e11013c850\keycloak-spring-boot-2-adapter-20.0.3.jar;C:\Users\Fabi Windows\.gradle\caches\modules-2\files-2.1\org.springframework.boot\spring-boot-starter-web\3.5.4\d8faea8d3235bd8752b71ea127bc4ffeda6a74cd\spring-boot-starter-web-3.5.4.jar;C:\Users\Fabi Windows\.gradle\caches\modules-2\files-2.1\org.springframework.boot\spring-boot-starter-security\3.5.4\d4a053f1b0e4e63ca11ced7b3b5b58d0315bd5e\spring-boot-starter-security-3.5.4.jar;C:\Users\Fabi Windows\.gradle\caches\modules-2\files-2.1\io.jsonwebtoken\jjwt-impl\0.11.5\40a599f0e8a8e4e0701596fbb15e67bfda64fdf0\jjwt-impl-0.11.5.jar;C:\Users\Fabi Windows\.gradle\caches\modules-2\files-2.1\io.jsonwebtoken\jjwt-jackson\0.11.5\3b83a06809e98a69402d7333dcf67df6f6ea4579\jjwt-jackson-0.11.5.jar;C:\Users\Fabi Windows\.gradle\caches\modules-2\files-2.1\io.jsonwebtoken\jjwt-api\0.11.5\f742940045619d06383e7df37b21ac422b476cf1\jjwt-api-0.11.5.j
Launcher Type: SUN_STANDARD

[Global flags]
     intx CICompilerCount                          = 4                                         {product} {ergonomic}
     uint ConcGCThreads                            = 2                                         {product} {ergonomic}
     uint G1ConcRefinementThreads                  = 8                                         {product} {ergonomic}
   size_t G1HeapRegionSize                         = 1048576                                   {product} {ergonomic}
    uintx GCDrainStackTargetSize                   = 64                                        {product} {ergonomic}
   size_t InitialHeapSize                          = 268435456                                 {product} {ergonomic}
   size_t MarkStackSize                            = 4194304                                   {product} {ergonomic}
   size_t MaxHeapSize                              = 536870912                                 {product} {command line}
   size_t MaxNewSize                               = 321912832                                 {product} {ergonomic}
   size_t MinHeapDeltaBytes                        = 1048576                                   {product} {ergonomic}
   size_t MinHeapSize                              = 8388608                                   {product} {ergonomic}
    uintx NonNMethodCodeHeapSize                   = 5839372                                {pd product} {ergonomic}
    uintx NonProfiledCodeHeapSize                  = 122909434                              {pd product} {ergonomic}
    uintx ProfiledCodeHeapSize                     = 122909434                              {pd product} {ergonomic}
    uintx ReservedCodeCacheSize                    = 251658240                              {pd product} {ergonomic}
     bool SegmentedCodeCache                       = true                                      {product} {ergonomic}
   size_t SoftMaxHeapSize                          = 536870912                              {manageable} {ergonomic}
     bool UseCompressedClassPointers               = true                           {product lp64_product} {ergonomic}
     bool UseCompressedOops                        = true                           {product lp64_product} {ergonomic}
     bool UseG1GC                                  = true                                      {product} {ergonomic}
     bool UseLargePagesIndividualAllocation        = false                                  {pd product} {ergonomic}

Logging:
Log output configuration:
 #0: stdout all=warning uptime,level,tags
 #1: stderr all=off uptime,level,tags

Environment Variables:
JAVA_HOME=C:\Program Files\Java\jdk-17.0.2
PATH=C:\Program Files\Eclipse Adoptium\jdk-17.0.16.8-hotspot\bin;C:\Program Files (x86)\Common Files\Oracle\Java\java8path;C:\Program Files (x86)\Common Files\Oracle\Java\javapath;C:\Windows\system32;C:\Windows;C:\Windows\System32\Wbem;C:\Windows\System32\WindowsPowerShell\v1.0\;C:\Windows\System32\OpenSSH\;C:\Program Files (x86)\NVIDIA Corporation\PhysX\Common;C:\Program Files\NVIDIA Corporation\NVIDIA NvDLISR;C:\Program Files\TortoiseGit\bin;C:\Program Files\Git\cmd;C:\WINDOWS\system32;C:\WINDOWS;C:\WINDOWS\System32\Wbem;C:\WINDOWS\System32\WindowsPowerShell\v1.0\;C:\WINDOWS\System32\OpenSSH\;C:\Program Files\PuTTY\;C:\Program Files\Calibre2\;C:\Program Files\nodejs\;C:\Program Files\Docker\Docker\resources\bin;C:\Program Files\Tailscale\;C:\Program Files\MySQL\MySQL Shell 8.0\bin\;C:\Users\Fabi Windows\AppData\Local\Microsoft\WindowsApps;C:\Users\Fabi Windows\Downloads\gradle-8.8-bin\gradle-8.8\bin;C:\Program Files\Java\jdk-17.0.2\bin;C:\Users\Fabi Windows\AppData\Local\Programs\Microsoft VS Code\bin;C:\Users\Fabi Windows\AppData\Roaming\npm;C:\Program Files\MongoDB\Server\8.0\bin;C:\Users\Fabi Windows\AppData\Local\GitHubDesktop\bin;C:\MinGW\bin;C:\Program Files (x86)\Nmap;
USERNAME=Fabi Windows
OS=Windows_NT
PROCESSOR_IDENTIFIER=Intel64 Family 6 Model 60 Stepping 3, GenuineIntel



---------------  S Y S T E M  ---------------

OS:
 Windows 10 , 64 bit Build 19041 (10.0.19041.3636)
OS uptime: 0 days 3:33 hours
Hyper-V role detected

CPU: total 8 (initial active 8) (4 cores per cpu, 2 threads per core) family 6 model 60 stepping 3 microcode 0x27, cx8, cmov, fxsr, ht, mmx, sse, sse2, sse3, ssse3, sse4.1, sse4.2, popcnt, lzcnt, tsc, tscinvbit, avx, avx2, aes, erms, clmul, bmi1, bmi2, fma, vzeroupper, clflush, hv

Memory: 4k page, system-wide physical 16307M (2986M free)
TotalPageFile size 16307M (AvailPageFile size 62M)
current process WorkingSet (physical memory assigned to process): 175M, peak: 177M
current process commit charge ("private bytes"): 424M, peak: 428M

vm_info: OpenJDK 64-Bit Server VM (17.0.2+8-86) for windows-amd64 JRE (17.0.2+8-86), built on Dec  7 2021 21:49:10 by "mach5one" with MS VC++ 16.8 / 16.9 (VS2019)

END.
